#
# There is insufficient memory for the Java Runtime Environment to continue.
# Native memory allocation (malloc) failed to allocate 2764176 bytes for Chunk::new
# Possible reasons:
#   The system is out of physical RAM or swap space
#   The process is running with CompressedOops enabled, and the Java Heap may be blocking the growth of the native heap
# Possible solutions:
#   Reduce memory load on the system
#   Increase physical memory or swap space
#   Check if swap backing store is full
#   Decrease Java heap size (-Xmx/-Xms)
#   Decrease number of Java threads
#   Decrease Java thread stack sizes (-Xss)
#   Set larger code cache with -XX:ReservedCodeCacheSize=
#   JVM is running with Unscaled Compressed Oops mode in which the Java heap is
#     placed in the first 4GB address space. The Java Heap base address is the
#     maximum limit for the native heap growth. Please use -XX:HeapBaseMinAddress
#     to set the Java Heap base and to place the Java Heap above 4GB virtual address.
# This output file may be truncated or incomplete.
#
#  Out of Memory Error (t:/workspace/open/src/hotspot/share/memory/arena.cpp:197), pid=148156, tid=137472
#
# JRE version: OpenJDK Runtime Environment (11.0.2+7) (build 11.0.2+7)
# Java VM: OpenJDK 64-Bit Server VM (11.0.2+7, mixed mode, tiered, compressed oops, parallel gc, windows-amd64)
# No core dump will be written. Minidumps are not enabled by default on client versions of Windows
#

---------------  S U M M A R Y ------------

Command Line: --add-modules=ALL-SYSTEM --add-opens=java.base/java.util=ALL-UNNAMED --add-opens=java.base/java.lang=ALL-UNNAMED -Declipse.application=org.eclipse.jdt.ls.core.id1 -Dosgi.bundles.defaultStartLevel=4 -Declipse.product=org.eclipse.jdt.ls.core.product -Dfile.encoding=utf8 -DwatchParentProcess=false -XX:+UseParallelGC -XX:GCTimeRatio=4 -XX:AdaptiveSizePolicyWeight=90 -Dsun.zip.disableMemoryMapping=true -Xmx1G -Xms100m -Xverify:none c:\Users\think\.vscode\extensions\redhat.java-0.60.0\server\plugins\org.eclipse.equinox.launcher_1.5.700.v20200207-2156.jar -configuration c:\Users\think\AppData\Roaming\Code\User\globalStorage\redhat.java\0.60.0\config_win -data c:\Users\think\AppData\Roaming\Code\User\workspaceStorage\069da18b215c667df132d9562a6e15c6\redhat.java\jdt_ws

Host: Intel(R) Core(TM) i5-6300HQ CPU @ 2.30GHz, 4 cores, 15G,  Windows 10 , 64 bit Build 16299 (10.0.16299.1087)
Time: Tue Apr 21 15:26:49 2020 ???? (?W?€??) elapsed time: 8 seconds (0d 0h 0m 8s)

---------------  T H R E A D  ---------------

Current thread (0x000001936c14c800):  JavaThread "C2 CompilerThread1" daemon [_thread_in_native, id=137472, stack(0x0000000585100000,0x0000000585200000)]


Current CompileTask:
C2:   8305 6282       4       org.eclipse.jdt.internal.compiler.lookup.BinaryTypeBinding::createMethod (1613 bytes)

Stack: [0x0000000585100000,0x0000000585200000]
Native frames: (J=compiled Java code, j=interpreted, Vv=VM code, C=native code)
V  [jvm.dll+0x63489a]
V  [jvm.dll+0x771f9f]
V  [jvm.dll+0x773648]
V  [jvm.dll+0x773d03]
V  [jvm.dll+0x25eba8]
V  [jvm.dll+0xc2191]
V  [jvm.dll+0xc271c]
V  [jvm.dll+0x36cc47]
V  [jvm.dll+0x1a97d1]
V  [jvm.dll+0x218ad2]
V  [jvm.dll+0x217b6a]
V  [jvm.dll+0x194370]
V  [jvm.dll+0x226b3f]
V  [jvm.dll+0x225148]
V  [jvm.dll+0x73774d]
V  [jvm.dll+0x633942]
C  [ucrtbase.dll+0x1fa95]
C  [KERNEL32.DLL+0x137e4]
C  [ntdll.dll+0x6cb81]


---------------  P R O C E S S  ---------------

Threads class SMR info:
_java_thread_list=0x000001936e4a8440, length=27, elements={
0x000001934e28d800, 0x0000019367f3d000, 0x0000019367f48000, 0x0000019367f61800,
0x0000019367f64800, 0x0000019367f66000, 0x0000019367f67800, 0x0000019367f6b800,
0x000001936912d000, 0x00000193691b8800, 0x000001936a48c800, 0x000001936978e000,
0x00000193699cc800, 0x000001936adb1000, 0x000001936a605800, 0x000001936ad46000,
0x000001936a926800, 0x000001936b8f0800, 0x000001936bf0e000, 0x000001936c764000,
0x000001936c04b000, 0x000001936c049800, 0x000001936c04a000, 0x000001936c047000,
0x000001936c14c800, 0x000001936c048000, 0x000001936c04c000
}

Java Threads: ( => current thread )
  0x000001934e28d800 JavaThread "main" [_thread_blocked, id=136044, stack(0x0000000582f00000,0x0000000583000000)]
  0x0000019367f3d000 JavaThread "Reference Handler" daemon [_thread_blocked, id=153956, stack(0x0000000583200000,0x0000000583300000)]
  0x0000019367f48000 JavaThread "Finalizer" daemon [_thread_blocked, id=80240, stack(0x0000000583300000,0x0000000583400000)]
  0x0000019367f61800 JavaThread "Signal Dispatcher" daemon [_thread_blocked, id=149772, stack(0x0000000583500000,0x0000000583600000)]
  0x0000019367f64800 JavaThread "Attach Listener" daemon [_thread_blocked, id=153616, stack(0x0000000583600000,0x0000000583700000)]
  0x0000019367f66000 JavaThread "C2 CompilerThread0" daemon [_thread_in_native, id=151096, stack(0x0000000583700000,0x0000000583800000)]
  0x0000019367f67800 JavaThread "C1 CompilerThread0" daemon [_thread_in_native, id=137900, stack(0x0000000583800000,0x0000000583900000)]
  0x0000019367f6b800 JavaThread "Sweeper thread" daemon [_thread_blocked, id=151908, stack(0x0000000583900000,0x0000000583a00000)]
  0x000001936912d000 JavaThread "Common-Cleaner" daemon [_thread_blocked, id=139016, stack(0x0000000583a00000,0x0000000583b00000)]
  0x00000193691b8800 JavaThread "Service Thread" daemon [_thread_blocked, id=151808, stack(0x0000000583c00000,0x0000000583d00000)]
  0x000001936a48c800 JavaThread "Active Thread: Equinox Container: 5f4bb4f4-918a-4899-97c2-1af026bb4d88" [_thread_blocked, id=154236, stack(0x0000000583f00000,0x0000000584000000)]
  0x000001936978e000 JavaThread "Framework Event Dispatcher: Equinox Container: 5f4bb4f4-918a-4899-97c2-1af026bb4d88" daemon [_thread_blocked, id=148068, stack(0x0000000584000000,0x0000000584100000)]
  0x00000193699cc800 JavaThread "Start Level: Equinox Container: 5f4bb4f4-918a-4899-97c2-1af026bb4d88" daemon [_thread_blocked, id=151812, stack(0x0000000584100000,0x0000000584200000)]
  0x000001936adb1000 JavaThread "Bundle File Closer" daemon [_thread_blocked, id=152480, stack(0x0000000584500000,0x0000000584600000)]
  0x000001936a605800 JavaThread "Worker-JM" [_thread_blocked, id=148660, stack(0x0000000584600000,0x0000000584700000)]
  0x000001936ad46000 JavaThread "Worker-0: Building" [_thread_blocked, id=145468, stack(0x0000000584700000,0x0000000584800000)]
  0x000001936a926800 JavaThread "Worker-1: Publish Diagnostics" [_thread_in_Java, id=151240, stack(0x0000000584800000,0x0000000584900000)]
  0x000001936b8f0800 JavaThread "Java indexing" daemon [_thread_in_vm, id=150388, stack(0x0000000584900000,0x0000000584a00000)]
  0x000001936bf0e000 JavaThread "pool-1-thread-1" [_thread_in_native, id=142496, stack(0x0000000584b00000,0x0000000584c00000)]
  0x000001936c764000 JavaThread "Worker-2: Java indexing... " [_thread_blocked, id=152528, stack(0x0000000584c00000,0x0000000584d00000)]
  0x000001936c04b000 JavaThread "Worker-3" [_thread_blocked, id=147392, stack(0x0000000584d00000,0x0000000584e00000)]
  0x000001936c049800 JavaThread "ForkJoinPool.commonPool-worker-3" daemon [_thread_in_vm, id=153932, stack(0x0000000584e00000,0x0000000584f00000)]
  0x000001936c04a000 JavaThread "ForkJoinPool.commonPool-worker-5" daemon [_thread_blocked, id=151452, stack(0x0000000584f00000,0x0000000585000000)]
  0x000001936c047000 JavaThread "ForkJoinPool.commonPool-worker-7" daemon [_thread_blocked, id=145456, stack(0x0000000585000000,0x0000000585100000)]
=>0x000001936c14c800 JavaThread "C2 CompilerThread1" daemon [_thread_in_native, id=137472, stack(0x0000000585100000,0x0000000585200000)]
  0x000001936c048000 JavaThread "Worker-4" [_thread_blocked, id=140104, stack(0x0000000585200000,0x0000000585300000)]
  0x000001936c04c000 JavaThread "Compiler Processing Task" daemon [_thread_blocked, id=4024, stack(0x0000000585300000,0x0000000585400000)]

Other Threads:
  0x000001934e353000 VMThread "VM Thread" [stack: 0x0000000583100000,0x0000000583200000] [id=148624]
  0x000001936924d800 WatcherThread [stack: 0x0000000583d00000,0x0000000583e00000] [id=154192]
  0x000001934e2a3800 GCTaskThread "ParGC Thread#0" [stack: 0x0000000583000000,0x0000000583100000] [id=154464]
  0x0000019369ac1000 GCTaskThread "ParGC Thread#1" [stack: 0x0000000584200000,0x0000000584300000] [id=153356]
  0x0000019369ac5000 GCTaskThread "ParGC Thread#2" [stack: 0x0000000584300000,0x0000000584400000] [id=147656]
  0x0000019369ac2800 GCTaskThread "ParGC Thread#3" [stack: 0x0000000584400000,0x0000000584500000] [id=145480]

Threads with active compile tasks:
C2 CompilerThread06140   !   4       org.eclipse.jdt.internal.core.Openable::exists (114 bytes)
C1 CompilerThread06483       2       org.eclipse.jdt.internal.compiler.lookup.LookupEnvironment::askForTypeFromModules (229 bytes)
C2 CompilerThread16282       4       org.eclipse.jdt.internal.compiler.lookup.BinaryTypeBinding::createMethod (1613 bytes)

VM state:not at safepoint (normal execution)

VM Mutex/Monitor currently owned by a thread: None

Heap address: 0x00000000c0000000, size: 1024 MB, Compressed Oops mode: 32-bit
Narrow klass base: 0x0000000000000000, Narrow klass shift: 3
Compressed class space size: 1073741824 Address: 0x0000000100000000

Heap:
 PSYoungGen      total 19968K, used 16866K [0x00000000eab00000, 0x00000000ec280000, 0x0000000100000000)
  eden space 17920K, 83% used [0x00000000eab00000,0x00000000eb994938,0x00000000ebc80000)
  from space 2048K, 94% used [0x00000000ec080000,0x00000000ec264260,0x00000000ec280000)
  to   space 2560K, 0% used [0x00000000ebd80000,0x00000000ebd80000,0x00000000ec000000)
 ParOldGen       total 68608K, used 54981K [0x00000000c0000000, 0x00000000c4300000, 0x00000000eab00000)
  object space 68608K, 80% used [0x00000000c0000000,0x00000000c35b16f0,0x00000000c4300000)
 Metaspace       used 55055K, capacity 57601K, committed 57856K, reserved 1101824K
  class space    used 5385K, capacity 6276K, committed 6400K, reserved 1048576K

Card table byte_map: [0x000001934dc40000,0x000001934de50000] _byte_map_base: 0x000001934d640000

Marking Bits: (ParMarkBitMap*) 0x00007ffebad1b9c0
 Begin Bits: [0x00000193655a0000, 0x00000193665a0000)
 End Bits:   [0x00000193665a0000, 0x00000193675a0000)

Polling page: 0x000001934bee0000

Metaspace:

Usage:
  Non-class:     50.12 MB capacity,    48.51 MB ( 97%) used,     1.52 MB (  3%) free+waste,   102.06 KB ( <1%) overhead. 
      Class:      6.13 MB capacity,     5.26 MB ( 86%) used,   844.55 KB ( 13%) free+waste,    46.38 KB ( <1%) overhead. 
       Both:     56.25 MB capacity,    53.77 MB ( 96%) used,     2.34 MB (  4%) free+waste,   148.44 KB ( <1%) overhead. 

Virtual space:
  Non-class space:       52.00 MB reserved,      50.25 MB ( 97%) committed 
      Class space:        1.00 GB reserved,       6.25 MB ( <1%) committed 
             Both:        1.05 GB reserved,      56.50 MB (  5%) committed 

Chunk freelists:
   Non-Class:  384 bytes
       Class:  3.50 KB
        Both:  3.88 KB

CodeHeap 'non-profiled nmethods': size=120064Kb used=3071Kb max_used=3071Kb free=116992Kb
 bounds [0x000001935e060000, 0x000001935e360000, 0x00000193655a0000]
CodeHeap 'profiled nmethods': size=120000Kb used=14389Kb max_used=14389Kb free=105610Kb
 bounds [0x0000019356b30000, 0x0000019357950000, 0x000001935e060000]
CodeHeap 'non-nmethods': size=5696Kb used=1244Kb max_used=1268Kb free=4452Kb
 bounds [0x00000193565a0000, 0x0000019356810000, 0x0000019356b30000]
 total_blobs=8565 nmethods=5867 adapters=541
 compilation: enabled
              stopped_count=0, restarted_count=0
 full_count=0

Compilation events (10 events):
Event: 8.231 Thread 0x0000019367f67800 6468       2       org.eclipse.jdt.internal.core.NameLookup::seekTypesInWorkingCopies (427 bytes)
Event: 8.233 Thread 0x0000019367f67800 nmethod 6468 0x0000019357939e90 code [0x000001935793a200, 0x000001935793b290]
Event: 8.234 Thread 0x0000019367f67800 6469       2       org.eclipse.jdt.internal.compiler.lookup.MethodBinding::original (2 bytes)
Event: 8.234 Thread 0x0000019367f67800 nmethod 6469 0x000001935793bb10 code [0x000001935793bcc0, 0x000001935793be18]
Event: 8.234 Thread 0x0000019367f67800 6470       2       com.google.gson.stream.JsonWriter::beforeName (47 bytes)
Event: 8.235 Thread 0x0000019367f67800 nmethod 6470 0x000001935793be90 code [0x000001935793c080, 0x000001935793c3a0]
Event: 8.235 Thread 0x0000019367f67800 6471       2       com.google.gson.internal.bind.TypeAdapterRuntimeTypeWrapper::write (81 bytes)
Event: 8.235 Thread 0x0000019367f67800 nmethod 6471 0x000001935793c590 code [0x000001935793c780, 0x000001935793cb90]
Event: 8.235 Thread 0x0000019367f67800 6472       2       com.google.gson.internal.bind.TypeAdapterRuntimeTypeWrapper::getRuntimeTypeIfMoreSpecific (31 bytes)
Event: 8.235 Thread 0x0000019367f67800 nmethod 6472 0x000001935793cd10 code [0x000001935793cec0, 0x000001935793d0f8]

GC Heap History (10 events):
Event: 7.452 GC heap before
{Heap before GC invocations=22 (full 2):
 PSYoungGen      total 20992K, used 20984K [0x00000000eab00000, 0x00000000eca80000, 0x0000000100000000)
  eden space 17920K, 100% used [0x00000000eab00000,0x00000000ebc80000,0x00000000ebc80000)
  from space 3072K, 99% used [0x00000000ebd00000,0x00000000ebffe298,0x00000000ec000000)
  to   space 7168K, 0% used [0x00000000ec380000,0x00000000ec380000,0x00000000eca80000)
 ParOldGen       total 68608K, used 41950K [0x00000000c0000000, 0x00000000c4300000, 0x00000000eab00000)
  object space 68608K, 61% used [0x00000000c0000000,0x00000000c28f78c0,0x00000000c4300000)
 Metaspace       used 51921K, capacity 54379K, committed 54400K, reserved 1097728K
  class space    used 5116K, capacity 6010K, committed 6016K, reserved 1048576K
}
Event: 7.459 GC heap after
{Heap after GC invocations=22 (full 2):
 PSYoungGen      total 20992K, used 2609K [0x00000000eab00000, 0x00000000ec680000, 0x0000000100000000)
  eden space 17920K, 0% used [0x00000000eab00000,0x00000000eab00000,0x00000000ebc80000)
  from space 3072K, 84% used [0x00000000ec380000,0x00000000ec60c738,0x00000000ec680000)
  to   space 4096K, 0% used [0x00000000ebe80000,0x00000000ebe80000,0x00000000ec280000)
 ParOldGen       total 68608K, used 44885K [0x00000000c0000000, 0x00000000c4300000, 0x00000000eab00000)
  object space 68608K, 65% used [0x00000000c0000000,0x00000000c2bd5470,0x00000000c4300000)
 Metaspace       used 51921K, capacity 54379K, committed 54400K, reserved 1097728K
  class space    used 5116K, capacity 6010K, committed 6016K, reserved 1048576K
}
Event: 7.504 GC heap before
{Heap before GC invocations=23 (full 2):
 PSYoungGen      total 20992K, used 20529K [0x00000000eab00000, 0x00000000ec680000, 0x0000000100000000)
  eden space 17920K, 100% used [0x00000000eab00000,0x00000000ebc80000,0x00000000ebc80000)
  from space 3072K, 84% used [0x00000000ec380000,0x00000000ec60c738,0x00000000ec680000)
  to   space 4096K, 0% used [0x00000000ebe80000,0x00000000ebe80000,0x00000000ec280000)
 ParOldGen       total 68608K, used 44885K [0x00000000c0000000, 0x00000000c4300000, 0x00000000eab00000)
  object space 68608K, 65% used [0x00000000c0000000,0x00000000c2bd5470,0x00000000c4300000)
 Metaspace       used 51939K, capacity 54379K, committed 54400K, reserved 1097728K
  class space    used 5116K, capacity 6010K, committed 6016K, reserved 1048576K
}
Event: 7.511 GC heap after
{Heap after GC invocations=23 (full 2):
 PSYoungGen      total 22016K, used 415K [0x00000000eab00000, 0x00000000ec400000, 0x0000000100000000)
  eden space 17920K, 0% used [0x00000000eab00000,0x00000000eab00000,0x00000000ebc80000)
  from space 4096K, 10% used [0x00000000ebe80000,0x00000000ebee7d10,0x00000000ec280000)
  to   space 1536K, 0% used [0x00000000ec280000,0x00000000ec280000,0x00000000ec400000)
 ParOldGen       total 68608K, used 47404K [0x00000000c0000000, 0x00000000c4300000, 0x00000000eab00000)
  object space 68608K, 69% used [0x00000000c0000000,0x00000000c2e4b0b8,0x00000000c4300000)
 Metaspace       used 51939K, capacity 54379K, committed 54400K, reserved 1097728K
  class space    used 5116K, capacity 6010K, committed 6016K, reserved 1048576K
}
Event: 7.598 GC heap before
{Heap before GC invocations=24 (full 2):
 PSYoungGen      total 22016K, used 17986K [0x00000000eab00000, 0x00000000ec400000, 0x0000000100000000)
  eden space 17920K, 98% used [0x00000000eab00000,0x00000000ebc28dd0,0x00000000ebc80000)
  from space 4096K, 10% used [0x00000000ebe80000,0x00000000ebee7d10,0x00000000ec280000)
  to   space 1536K, 0% used [0x00000000ec280000,0x00000000ec280000,0x00000000ec400000)
 ParOldGen       total 68608K, used 47404K [0x00000000c0000000, 0x00000000c4300000, 0x00000000eab00000)
  object space 68608K, 69% used [0x00000000c0000000,0x00000000c2e4b0b8,0x00000000c4300000)
 Metaspace       used 52001K, capacity 54455K, committed 54656K, reserved 1097728K
  class space    used 5125K, capacity 6014K, committed 6016K, reserved 1048576K
}
Event: 7.601 GC heap after
{Heap after GC invocations=24 (full 2):
 PSYoungGen      total 19456K, used 1532K [0x00000000eab00000, 0x00000000ec780000, 0x0000000100000000)
  eden space 17920K, 0% used [0x00000000eab00000,0x00000000eab00000,0x00000000ebc80000)
  from space 1536K, 99% used [0x00000000ec280000,0x00000000ec3ff210,0x00000000ec400000)
  to   space 5632K, 0% used [0x00000000ebc80000,0x00000000ebc80000,0x00000000ec200000)
 ParOldGen       total 68608K, used 50475K [0x00000000c0000000, 0x00000000c4300000, 0x00000000eab00000)
  object space 68608K, 73% used [0x00000000c0000000,0x00000000c314ac88,0x00000000c4300000)
 Metaspace       used 52001K, capacity 54455K, committed 54656K, reserved 1097728K
  class space    used 5125K, capacity 6014K, committed 6016K, reserved 1048576K
}
Event: 7.885 GC heap before
{Heap before GC invocations=25 (full 2):
 PSYoungGen      total 19456K, used 19452K [0x00000000eab00000, 0x00000000ec780000, 0x0000000100000000)
  eden space 17920K, 100% used [0x00000000eab00000,0x00000000ebc80000,0x00000000ebc80000)
  from space 1536K, 99% used [0x00000000ec280000,0x00000000ec3ff210,0x00000000ec400000)
  to   space 5632K, 0% used [0x00000000ebc80000,0x00000000ebc80000,0x00000000ec200000)
 ParOldGen       total 68608K, used 50475K [0x00000000c0000000, 0x00000000c4300000, 0x00000000eab00000)
  object space 68608K, 73% used [0x00000000c0000000,0x00000000c314ac88,0x00000000c4300000)
 Metaspace       used 54028K, capacity 56523K, committed 56704K, reserved 1099776K
  class space    used 5305K, capacity 6193K, committed 6272K, reserved 1048576K
}
Event: 7.897 GC heap after
{Heap after GC invocations=25 (full 2):
 PSYoungGen      total 20992K, used 3068K [0x00000000eab00000, 0x00000000ec480000, 0x0000000100000000)
  eden space 17920K, 0% used [0x00000000eab00000,0x00000000eab00000,0x00000000ebc80000)
  from space 3072K, 99% used [0x00000000ebc80000,0x00000000ebf7f128,0x00000000ebf80000)
  to   space 4096K, 0% used [0x00000000ec080000,0x00000000ec080000,0x00000000ec480000)
 ParOldGen       total 68608K, used 51996K [0x00000000c0000000, 0x00000000c4300000, 0x00000000eab00000)
  object space 68608K, 75% used [0x00000000c0000000,0x00000000c32c7170,0x00000000c4300000)
 Metaspace       used 54028K, capacity 56523K, committed 56704K, reserved 1099776K
  class space    used 5305K, capacity 6193K, committed 6272K, reserved 1048576K
}
Event: 8.013 GC heap before
{Heap before GC invocations=26 (full 2):
 PSYoungGen      total 20992K, used 20988K [0x00000000eab00000, 0x00000000ec480000, 0x0000000100000000)
  eden space 17920K, 100% used [0x00000000eab00000,0x00000000ebc80000,0x00000000ebc80000)
  from space 3072K, 99% used [0x00000000ebc80000,0x00000000ebf7f128,0x00000000ebf80000)
  to   space 4096K, 0% used [0x00000000ec080000,0x00000000ec080000,0x00000000ec480000)
 ParOldGen       total 68608K, used 51996K [0x00000000c0000000, 0x00000000c4300000, 0x00000000eab00000)
  object space 68608K, 75% used [0x00000000c0000000,0x00000000c32c7170,0x00000000c4300000)
 Metaspace       used 54255K, capacity 56658K, committed 56960K, reserved 1099776K
  class space    used 5316K, capacity 6196K, committed 6272K, reserved 1048576K
}
Event: 8.034 GC heap after
{Heap after GC invocations=26 (full 2):
 PSYoungGen      total 19968K, used 1936K [0x00000000eab00000, 0x00000000ec280000, 0x0000000100000000)
  eden space 17920K, 0% used [0x00000000eab00000,0x00000000eab00000,0x00000000ebc80000)
  from space 2048K, 94% used [0x00000000ec080000,0x00000000ec264260,0x00000000ec280000)
  to   space 2560K, 0% used [0x00000000ebd80000,0x00000000ebd80000,0x00000000ec000000)
 ParOldGen       total 68608K, used 54981K [0x00000000c0000000, 0x00000000c4300000, 0x00000000eab00000)
  object space 68608K, 80% used [0x00000000c0000000,0x00000000c35b16f0,0x00000000c4300000)
 Metaspace       used 54255K, capacity 56658K, committed 56960K, reserved 1099776K
  class space    used 5316K, capacity 6196K, committed 6272K, reserved 1048576K
}

Deoptimization events (10 events):
Event: 7.636 Thread 0x000001936c049800 Uncommon trap: reason=unstable_if action=reinterpret pc=0x000001935e325bb8 method=org.eclipse.jdt.internal.compiler.lookup.LookupEnvironment.getCachedType0([[C)Lorg/eclipse/jdt/internal/compiler/lookup/ReferenceBinding; @ 87 c2
Event: 7.851 Thread 0x000001936c049800 Uncommon trap: reason=bimorphic_or_optimized_type_check action=maybe_recompile pc=0x000001935e2a0078 method=java.util.ArrayList$ArrayListSpliterator.tryAdvance(Ljava/util/function/Consumer;)Z @ 48 c2
Event: 7.851 Thread 0x000001936c049800 Uncommon trap: reason=bimorphic_or_optimized_type_check action=maybe_recompile pc=0x000001935e2a0078 method=java.util.ArrayList$ArrayListSpliterator.tryAdvance(Ljava/util/function/Consumer;)Z @ 48 c2
Event: 7.851 Thread 0x000001936c049800 Uncommon trap: reason=bimorphic_or_optimized_type_check action=maybe_recompile pc=0x000001935e2a0078 method=java.util.ArrayList$ArrayListSpliterator.tryAdvance(Ljava/util/function/Consumer;)Z @ 48 c2
Event: 7.865 Thread 0x000001936c049800 Uncommon trap: reason=unstable_if action=reinterpret pc=0x000001935e0c6798 method=java.util.concurrent.ConcurrentHashMap.get(Ljava/lang/Object;)Ljava/lang/Object; @ 152 c2
Event: 7.865 Thread 0x000001936c049800 Uncommon trap: reason=bimorphic_or_optimized_type_check action=maybe_recompile pc=0x000001935e2beba4 method=java.util.concurrent.ConcurrentHashMap.putVal(Ljava/lang/Object;Ljava/lang/Object;Z)Ljava/lang/Object; @ 242 c2
Event: 7.900 Thread 0x000001936c049800 Uncommon trap: reason=bimorphic_or_optimized_type_check action=maybe_recompile pc=0x000001935e2beba4 method=java.util.concurrent.ConcurrentHashMap.putVal(Ljava/lang/Object;Ljava/lang/Object;Z)Ljava/lang/Object; @ 242 c2
Event: 7.900 Thread 0x000001936c049800 Uncommon trap: reason=bimorphic_or_optimized_type_check action=maybe_recompile pc=0x000001935e2beba4 method=java.util.concurrent.ConcurrentHashMap.putVal(Ljava/lang/Object;Ljava/lang/Object;Z)Ljava/lang/Object; @ 242 c2
Event: 7.998 Thread 0x000001936ad46000 Uncommon trap: reason=unstable_if action=reinterpret pc=0x000001935e24b52c method=jdk.internal.jimage.ImageReader$SharedImageReader.buildNode(Ljava/lang/String;)Ljdk/internal/jimage/ImageReader$Node; @ 47 c2
Event: 8.037 Thread 0x000001936ad46000 Uncommon trap: reason=unstable_if action=reinterpret pc=0x000001935e244a60 method=jdk.internal.jimage.ImageReader$SharedImageReader.buildNode(Ljava/lang/String;)Ljdk/internal/jimage/ImageReader$Node; @ 47 c2

Classes redefined (0 events):
No events

Internal exceptions (10 events):
Event: 8.041 Thread 0x000001936a926800 Exception <a 'java/lang/ClassCastException'{0x00000000eab56390}: class org.eclipse.jdt.internal.compiler.lookup.BinaryTypeBinding cannot be cast to class org.eclipse.jdt.internal.compiler.lookup.SourceTypeBinding (org.eclipse.jdt.internal.compiler.lookup.
Event: 8.049 Thread 0x000001936a926800 Exception <a 'java/lang/ArrayIndexOutOfBoundsException'{0x00000000eac361d0}> (0x00000000eac361d0) thrown at [t:/workspace/open/src/hotspot/share/runtime/sharedRuntime.cpp, line 584]
Event: 8.100 Thread 0x000001936ad46000 Exception <a 'java/lang/ArrayIndexOutOfBoundsException'{0x00000000eab24150}> (0x00000000eab24150) thrown at [t:/workspace/open/src/hotspot/share/runtime/sharedRuntime.cpp, line 584]
Event: 8.102 Thread 0x000001936ad46000 Exception <a 'java/lang/ArrayIndexOutOfBoundsException'{0x00000000eb1e2150}> (0x00000000eb1e2150) thrown at [t:/workspace/open/src/hotspot/share/runtime/sharedRuntime.cpp, line 584]
Event: 8.104 Thread 0x000001936ad46000 Exception <a 'java/lang/ArrayIndexOutOfBoundsException'{0x00000000eb1fec78}> (0x00000000eb1fec78) thrown at [t:/workspace/open/src/hotspot/share/runtime/sharedRuntime.cpp, line 584]
Event: 8.120 Thread 0x000001936ad46000 Exception <a 'java/lang/ArrayIndexOutOfBoundsException'{0x00000000eb221368}> (0x00000000eb221368) thrown at [t:/workspace/open/src/hotspot/share/runtime/sharedRuntime.cpp, line 584]
Event: 8.125 Thread 0x000001936ad46000 Exception <a 'java/lang/ArrayIndexOutOfBoundsException'{0x00000000eb23d6c8}> (0x00000000eb23d6c8) thrown at [t:/workspace/open/src/hotspot/share/runtime/sharedRuntime.cpp, line 584]
Event: 8.130 Thread 0x000001936ad46000 Exception <a 'java/lang/ArrayIndexOutOfBoundsException'{0x00000000eb25a4f8}> (0x00000000eb25a4f8) thrown at [t:/workspace/open/src/hotspot/share/runtime/sharedRuntime.cpp, line 584]
Event: 8.133 Thread 0x000001936ad46000 Exception <a 'java/lang/ArrayIndexOutOfBoundsException'{0x00000000eb27a200}> (0x00000000eb27a200) thrown at [t:/workspace/open/src/hotspot/share/runtime/sharedRuntime.cpp, line 584]
Event: 8.228 Thread 0x000001936a926800 Exception <a 'java/lang/ClassCastException'{0x00000000eb6b9af8}: class org.eclipse.jdt.internal.compiler.lookup.BinaryTypeBinding cannot be cast to class org.eclipse.jdt.internal.compiler.lookup.SourceTypeBinding (org.eclipse.jdt.internal.compiler.lookup.

Events (10 events):
Event: 8.085 Executing VM operation: RevokeBias done
Event: 8.097 Executing VM operation: RevokeBias
Event: 8.097 Executing VM operation: RevokeBias done
Event: 8.135 loading class java/nio/file/Files$2
Event: 8.135 loading class java/nio/file/Files$2 done
Event: 8.138 Thread 0x000001936c04c000 Thread added: 0x000001936c04c000
Event: 8.165 Executing VM operation: RevokeBias
Event: 8.201 Executing VM operation: RevokeBias done
Event: 8.237 Executing VM operation: RevokeBias
Event: 8.238 Executing VM operation: RevokeBias done


Dynamic libraries:
0x00007ff738f90000 - 0x00007ff738fd5000 	D:\CSStudio\java\11\bin\java.exe
0x00007fff2b980000 - 0x00007fff2bb60000 	C:\WINDOWS\SYSTEM32\ntdll.dll
0x00007fff29fb0000 - 0x00007fff2a05e000 	C:\WINDOWS\System32\KERNEL32.DLL
0x00007fff28b30000 - 0x00007fff28d96000 	C:\WINDOWS\System32\KERNELBASE.dll
0x000000005fc60000 - 0x000000005fced000 	C:\WINDOWS\System32\SYSFER.DLL
0x00007fff2b7b0000 - 0x00007fff2b93f000 	C:\WINDOWS\System32\USER32.dll
0x00007fff286a0000 - 0x00007fff286c0000 	C:\WINDOWS\System32\win32u.dll
0x00007fff29600000 - 0x00007fff29628000 	C:\WINDOWS\System32\GDI32.dll
0x00007fff287c0000 - 0x00007fff28953000 	C:\WINDOWS\System32\gdi32full.dll
0x00007fff28a10000 - 0x00007fff28aab000 	C:\WINDOWS\System32\msvcp_win.dll
0x00007fff286c0000 - 0x00007fff287b4000 	C:\WINDOWS\System32\ucrtbase.dll
0x00007fff16540000 - 0x00007fff167a9000 	C:\WINDOWS\WinSxS\amd64_microsoft.windows.common-controls_6595b64144ccf1df_6.0.16299.1087_none_0f9074b65a6589b7\COMCTL32.dll
0x00007fff29c50000 - 0x00007fff29ced000 	C:\WINDOWS\System32\msvcrt.dll
0x00007fff29940000 - 0x00007fff29c46000 	C:\WINDOWS\System32\combase.dll
0x00007fff29cf0000 - 0x00007fff29e0f000 	C:\WINDOWS\System32\RPCRT4.dll
0x00007fff28ab0000 - 0x00007fff28b22000 	C:\WINDOWS\System32\bcryptPrimitives.dll
0x00007fff28ef0000 - 0x00007fff28f1d000 	C:\WINDOWS\System32\IMM32.DLL
0x00007fff14930000 - 0x00007fff14946000 	D:\CSStudio\java\11\bin\vcruntime140.dll
0x00007ffeeda90000 - 0x00007ffeedb3a000 	D:\CSStudio\java\11\bin\msvcp140.dll
0x00007ffeba2b0000 - 0x00007ffebadd3000 	D:\CSStudio\java\11\bin\server\jvm.dll
0x00007fff29630000 - 0x00007fff296d1000 	C:\WINDOWS\System32\ADVAPI32.dll
0x00007fff2a0c0000 - 0x00007fff2a11b000 	C:\WINDOWS\System32\sechost.dll
0x00007fff28ed0000 - 0x00007fff28ed8000 	C:\WINDOWS\System32\PSAPI.DLL
0x00007fff15f80000 - 0x00007fff15f89000 	C:\WINDOWS\SYSTEM32\WSOCK32.dll
0x00007fff28f20000 - 0x00007fff28f8c000 	C:\WINDOWS\System32\WS2_32.dll
0x00007fff24d50000 - 0x00007fff24d73000 	C:\WINDOWS\SYSTEM32\WINMM.dll
0x00007fff21f90000 - 0x00007fff21f9a000 	C:\WINDOWS\SYSTEM32\VERSION.dll
0x00007fff24cf0000 - 0x00007fff24d1a000 	C:\WINDOWS\SYSTEM32\WINMMBASE.dll
0x00007fff28960000 - 0x00007fff289aa000 	C:\WINDOWS\System32\cfgmgr32.dll
0x00007fff27cf0000 - 0x00007fff27d01000 	C:\WINDOWS\System32\kernel.appcore.dll
0x00007fff0de10000 - 0x00007fff0de21000 	D:\CSStudio\java\11\bin\verify.dll
0x00007fff05630000 - 0x00007fff057f8000 	C:\WINDOWS\SYSTEM32\DBGHELP.DLL
0x00007ffee7020000 - 0x00007ffee7049000 	C:\WINDOWS\SYSTEM32\dbgcore.DLL
0x00007fff0a220000 - 0x00007fff0a248000 	D:\CSStudio\java\11\bin\java.dll
0x00007fff0d5b0000 - 0x00007fff0d5c6000 	D:\CSStudio\java\11\bin\zip.dll
0x00007fff229c0000 - 0x00007fff229ca000 	D:\CSStudio\java\11\bin\jimage.dll
0x00007fff2a370000 - 0x00007fff2b7a8000 	C:\WINDOWS\System32\SHELL32.dll
0x00007fff29550000 - 0x00007fff295f6000 	C:\WINDOWS\System32\shcore.dll
0x00007fff27d80000 - 0x00007fff284c7000 	C:\WINDOWS\System32\windows.storage.dll
0x00007fff2a120000 - 0x00007fff2a171000 	C:\WINDOWS\System32\shlwapi.dll
0x00007fff27d10000 - 0x00007fff27d5c000 	C:\WINDOWS\System32\powrprof.dll
0x00007fff27cd0000 - 0x00007fff27ceb000 	C:\WINDOWS\System32\profapi.dll
0x00007fff0abe0000 - 0x00007fff0abf9000 	D:\CSStudio\java\11\bin\net.dll
0x00007fff22ce0000 - 0x00007fff22dbe000 	C:\WINDOWS\SYSTEM32\WINHTTP.dll
0x00007fff1a970000 - 0x00007fff1ab39000 	C:\WINDOWS\SYSTEM32\urlmon.dll
0x00007fff2a2f0000 - 0x00007fff2a30d000 	C:\WINDOWS\System32\imagehlp.dll
0x00007fff1a6c0000 - 0x00007fff1a95f000 	C:\WINDOWS\SYSTEM32\iertutil.dll
0x00007fff27720000 - 0x00007fff2772b000 	C:\WINDOWS\SYSTEM32\CRYPTBASE.DLL
0x00007fff27560000 - 0x00007fff275c6000 	C:\WINDOWS\system32\mswsock.dll
0x00007fff08bd0000 - 0x00007fff08be3000 	D:\CSStudio\java\11\bin\nio.dll
0x00007fff27730000 - 0x00007fff27747000 	C:\WINDOWS\SYSTEM32\CRYPTSP.dll
0x00007fff27160000 - 0x00007fff27193000 	C:\WINDOWS\system32\rsaenh.dll
0x00007fff27830000 - 0x00007fff27855000 	C:\WINDOWS\SYSTEM32\bcrypt.dll
0x00007fff27bd0000 - 0x00007fff27bf9000 	C:\WINDOWS\SYSTEM32\USERENV.dll
0x00007fff272f0000 - 0x00007fff27329000 	C:\WINDOWS\SYSTEM32\IPHLPAPI.DLL
0x00007fff2b940000 - 0x00007fff2b948000 	C:\WINDOWS\System32\NSI.dll
0x00007fff1fdb0000 - 0x00007fff1fdc6000 	C:\WINDOWS\SYSTEM32\dhcpcsvc6.DLL
0x00007fff1fd90000 - 0x00007fff1fdaa000 	C:\WINDOWS\SYSTEM32\dhcpcsvc.DLL
0x00007fff23d40000 - 0x00007fff23d69000 	C:\Users\think\AppData\Roaming\Code\User\globalStorage\redhat.java\0.60.0\config_win\org.eclipse.equinox.launcher\org.eclipse.equinox.launcher.win32.win32.x86_64_1.1.1100.v20190907-0426\eclipse_1902.dll
0x00007fff1b720000 - 0x00007fff1b731000 	C:\Users\think\AppData\Roaming\Code\User\globalStorage\redhat.java\0.60.0\config_win\org.eclipse.osgi\20\0\.cp\jWinHttp-1.0.0.dll
0x00007fff297f0000 - 0x00007fff29939000 	C:\WINDOWS\System32\ole32.dll

dbghelp: loaded successfully - version: 4.0.5 - missing functions: none
symbol engine: initialized successfully - sym options: 0x614 - pdb path: .;D:\CSStudio\java\11\bin;C:\WINDOWS\SYSTEM32;C:\WINDOWS\WinSxS\amd64_microsoft.windows.common-controls_6595b64144ccf1df_6.0.16299.1087_none_0f9074b65a6589b7;D:\CSStudio\java\11\bin\server;C:\Users\think\AppData\Roaming\Code\User\globalStorage\redhat.java\0.60.0\config_win\org.eclipse.equinox.launcher\org.eclipse.equinox.launcher.win32.win32.x86_64_1.1.1100.v20190907-0426;C:\Users\think\AppData\Roaming\Code\User\globalStorage\redhat.java\0.60.0\config_win\org.eclipse.osgi\20\0\.cp

VM Arguments:
jvm_args: --add-modules=ALL-SYSTEM --add-opens=java.base/java.util=ALL-UNNAMED --add-opens=java.base/java.lang=ALL-UNNAMED -Declipse.application=org.eclipse.jdt.ls.core.id1 -Dosgi.bundles.defaultStartLevel=4 -Declipse.product=org.eclipse.jdt.ls.core.product -Dfile.encoding=utf8 -DwatchParentProcess=false -XX:+UseParallelGC -XX:GCTimeRatio=4 -XX:AdaptiveSizePolicyWeight=90 -Dsun.zip.disableMemoryMapping=true -Xmx1G -Xms100m -Xverify:none 
java_command: c:\Users\think\.vscode\extensions\redhat.java-0.60.0\server\plugins\org.eclipse.equinox.launcher_1.5.700.v20200207-2156.jar -configuration c:\Users\think\AppData\Roaming\Code\User\globalStorage\redhat.java\0.60.0\config_win -data c:\Users\think\AppData\Roaming\Code\User\workspaceStorage\069da18b215c667df132d9562a6e15c6\redhat.java\jdt_ws
java_class_path (initial): c:\Users\think\.vscode\extensions\redhat.java-0.60.0\server\plugins\org.eclipse.equinox.launcher_1.5.700.v20200207-2156.jar
Launcher Type: SUN_STANDARD

[Global flags]
    uintx AdaptiveSizePolicyWeight                 = 90                                        {product} {command line}
     bool BytecodeVerificationLocal                = false                                     {product} {command line}
     bool BytecodeVerificationRemote               = false                                     {product} {command line}
     intx CICompilerCount                          = 3                                         {product} {ergonomic}
    uintx GCTimeRatio                              = 4                                         {product} {command line}
   size_t InitialHeapSize                          = 104857600                                 {product} {command line}
   size_t MaxHeapSize                              = 1073741824                                {product} {command line}
   size_t MaxNewSize                               = 357564416                                 {product} {ergonomic}
   size_t MinHeapDeltaBytes                        = 524288                                    {product} {ergonomic}
   size_t NewSize                                  = 34603008                                  {product} {ergonomic}
    uintx NonNMethodCodeHeapSize                   = 5830092                                {pd product} {ergonomic}
    uintx NonProfiledCodeHeapSize                  = 122914074                              {pd product} {ergonomic}
   size_t OldSize                                  = 70254592                                  {product} {ergonomic}
    uintx ProfiledCodeHeapSize                     = 122914074                              {pd product} {ergonomic}
    uintx ReservedCodeCacheSize                    = 251658240                              {pd product} {ergonomic}
     bool SegmentedCodeCache                       = true                                      {product} {ergonomic}
     bool UseCompressedClassPointers               = true                                 {lp64_product} {ergonomic}
     bool UseCompressedOops                        = true                                 {lp64_product} {ergonomic}
     bool UseLargePagesIndividualAllocation        = false                                  {pd product} {ergonomic}
     bool UseParallelGC                            = true                                      {product} {command line}

Logging:
Log output configuration:
 #0: stdout all=warning uptime,level,tags
 #1: stderr all=off uptime,level,tags

Environment Variables:
JAVA_HOME=d:\CSStudio\java\8
PATH=C:\Program Files (x86)\Microsoft SDKs\Azure\CLI2\wbin;C:\app\client\think\product\12.1.0\client_1\bin;C:\oraclexe\app\oracle\product\11.2.0\server\bin;d:\graphicsmagick-1.3.26-q8;C:\ProgramData\Oracle\Java\javapath;C:\Program Files (x86)\Windows Resource Kits\Tools\;C:\WINDOWS\system32;C:\WINDOWS;C:\WINDOWS\System32\Wbem;C:\WINDOWS\System32\WindowsPowerShell\v1.0\;D:\DevelopTools\apache-maven-3.6.3\bin;C:\strawberry\c\bin;C:\strawberry\perl\bin;C:\WINDOWS\system32;C:\WINDOWS;C:\WINDOWS\System32\Wbem;C:\WINDOWS\System32\WindowsPowerShell\v1.0\;C:\Program Files\TortoiseSVN\bin;C:\Program Files\PuTTY\;C:\Program Files (x86)\scala\bin;C:\Program Files (x86)\sbt\bin;C:\Program Files\NVIDIA Corporation\NVIDIA NvDLISR;C:\Program Files (x86)\NVIDIA Corporation\PhysX\Common;C:\Program Files (x86)\Intel\Intel(R) Management Engine Components\DAL;C:\Program Files\Intel\Intel(R) Management Engine Components\DAL;C:\Program Files\Intel\WiFi\bin\;C:\Program Files\Common Files\Intel\WirelessCommon\;C:\Program Files\Amazon\AWSCLI\bin\;C:\ProgramData\chocolatey\bin;C:\Program Files\nodejs\;;C:\Program Files\Docker\Docker\resources\bin;C:\ProgramData\DockerDesktop\version-bin;d:\CSStudio\java\8\bin;C:\Users\think\AppData\Local\Programs\Python\Python35-32\Scripts\;C:\Users\think\AppData\Local\Programs\Python\Python35-32\;C:\Users\think\AppData\Local\Microsoft\WindowsApps;C:\Program Files (x86)\Windows Resource Kits\Tools;C:\OpenSSL-Win64/bin;C:\Users\think\AppData\Local\Programs\EmEditor;C:\Users\think\AppData\Local\Programs\Fiddler;D:\DevelopTools\curl-7.55.1-win64-mingw\bin;C:\Users\think\AppData\Local\Microsoft\WindowsApps;C:\Users\think\AppData\Local\Programs\Microsoft VS Code\bin;d:\Program Files\JetBrains\IntelliJ IDEA Community Edition 2019.1.1\bin;d:\Program Files\JetBrains\PyCharm Community Edition 2019.1.3\bin;C:\Program Files\Intel\WiFi\bin\;C:\Program Files\Common Files\Intel\WirelessCommon\;C:\Users\think\AppData\Roaming\npm;C:\Users\think\AppData\Local\GitHubDesktop\bin;
USERNAME=think
OS=Windows_NT
PROCESSOR_IDENTIFIER=Intel64 Family 6 Model 94 Stepping 3, GenuineIntel



---------------  S Y S T E M  ---------------

OS: Windows 10 , 64 bit Build 16299 (10.0.16299.1087)

CPU:total 4 (initial active 4) (4 cores per cpu, 1 threads per core) family 6 model 94 stepping 3, cmov, cx8, fxsr, mmx, sse, sse2, sse3, ssse3, sse4.1, sse4.2, popcnt, avx, avx2, clmul, erms, rtm, 3dnowpref, lzcnt, tsc, tscinvbit, bmi1, bmi2, adx, fma

Memory: 4k page, system-wide physical 15804M (4883M free)
TotalPageFile size 22080M (AvailPageFile size 5M)
current process WorkingSet (physical memory assigned to process): 251M, peak: 256M
current process commit charge ("private bytes"): 307M, peak: 309M

vm_info: OpenJDK 64-Bit Server VM (11.0.2+7) for windows-amd64 JRE (11.0.2+7), built on Dec 12 2018 03:45:43 by "mach5one" with MS VC++ 15.5 (VS2017)

END.
