#
# There is insufficient memory for the Java Runtime Environment to continue.
# Native memory allocation (mmap) failed to map 260046848 bytes for Failed to commit area from 0x0000000709000000 to 0x0000000718800000 of length 260046848.
# Possible reasons:
#   The system is out of physical RAM or swap space
#   The process is running with CompressedOops enabled, and the Java Heap may be blocking the growth of the native heap
# Possible solutions:
#   Reduce memory load on the system
#   Increase physical memory or swap space
#   Check if swap backing store is full
#   Decrease Java heap size (-Xmx/-Xms)
#   Decrease number of Java threads
#   Decrease Java thread stack sizes (-Xss)
#   Set larger code cache with -XX:ReservedCodeCacheSize=
# This output file may be truncated or incomplete.
#
#  Out of Memory Error (t:/workspace/open/src/hotspot/os/windows/os_windows.cpp:3269), pid=143128, tid=145072
#
# JRE version:  (11.0.2+7) (build )
# Java VM: OpenJDK 64-Bit Server VM (11.0.2+7, mixed mode, aot, sharing, tiered, compressed oops, g1 gc, windows-amd64)
# No core dump will be written. Minidumps are not enabled by default on client versions of Windows
#

---------------  S U M M A R Y ------------

Command Line: -agentlib:jdwp=transport=dt_socket,server=n,suspend=y,address=localhost:61926 -Dfile.encoding=UTF-8 com.neusoft.bs.demo.Test

Host: Intel(R) Core(TM) i5-6300HQ CPU @ 2.30GHz, 4 cores, 15G,  Windows 10 , 64 bit Build 16299 (10.0.16299.1087)
Time: Tue Apr 21 15:29:15 2020 ???? (?W?€??) elapsed time: 0 seconds (0d 0h 0m 0s)

---------------  T H R E A D  ---------------

Current thread (0x0000019fb63ef000):  JavaThread "Unknown thread" [_thread_in_vm, id=145072, stack(0x0000001a19a00000,0x0000001a19b00000)]

Stack: [0x0000001a19a00000,0x0000001a19b00000]
Native frames: (J=compiled Java code, j=interpreted, Vv=VM code, C=native code)
V  [jvm.dll+0x63489a]
V  [jvm.dll+0x771f9f]
V  [jvm.dll+0x773648]
V  [jvm.dll+0x773d03]
V  [jvm.dll+0x25eba8]
V  [jvm.dll+0x631d3a]
V  [jvm.dll+0x626775]
V  [jvm.dll+0x313ffc]
V  [jvm.dll+0x313e82]
V  [jvm.dll+0x3196e6]
V  [jvm.dll+0x36579f]
V  [jvm.dll+0x3651c0]
V  [jvm.dll+0x2f0ff8]
V  [jvm.dll+0x2f2156]
V  [jvm.dll+0x74b4f7]
V  [jvm.dll+0x74cc3f]
V  [jvm.dll+0x372609]
V  [jvm.dll+0x731b69]
V  [jvm.dll+0x3e1bad]
V  [jvm.dll+0x3e3e81]
C  [java.exe+0x3607]
C  [java.exe+0x1746c]
C  [KERNEL32.DLL+0x137e4]
C  [ntdll.dll+0x6cb81]


---------------  P R O C E S S  ---------------

Threads class SMR info:
_java_thread_list=0x0000019fb4a46e40, length=0, elements={
}

Java Threads: ( => current thread )

Other Threads:
  0x0000019fb6402000 GCTaskThread "GC Thread#0" [stack: 0x0000001a19b00000,0x0000001a19c00000] [id=131196]
  0x0000019fb645b800 ConcurrentGCThread "G1 Main Marker" [stack: 0x0000001a19c00000,0x0000001a19d00000] [id=152040]
  0x0000019fb645c800 ConcurrentGCThread "G1 Conc#0" [stack: 0x0000001a19d00000,0x0000001a19e00000] [id=149020]

[error occurred during error reporting (printing all threads), id 0xc0000005, EXCEPTION_ACCESS_VIOLATION (0xc0000005) at pc=0x00007ffeba5af5b7]

VM state:not at safepoint (not fully initialized)

VM Mutex/Monitor currently owned by a thread:  ([mutex/lock_event])
[0x0000019fb63edf10] Heap_lock - owner thread: 0x0000019fb63ef000

Heap address: 0x0000000709000000, size: 3952 MB, Compressed Oops mode: Non-zero based: 0x0000000709000000
Narrow klass base: 0x0000000000000000, Narrow klass shift: 0

GC Heap History (0 events):
No events

Deoptimization events (0 events):
No events

Classes redefined (0 events):
No events

Internal exceptions (0 events):
No events

Events (0 events):
No events


Dynamic libraries:
0x00007ff738f90000 - 0x00007ff738fd5000 	D:\CSStudio\java\11\bin\java.exe
0x00007fff2b980000 - 0x00007fff2bb60000 	C:\WINDOWS\SYSTEM32\ntdll.dll
0x00007fff29fb0000 - 0x00007fff2a05e000 	C:\WINDOWS\System32\KERNEL32.DLL
0x00007fff28b30000 - 0x00007fff28d96000 	C:\WINDOWS\System32\KERNELBASE.dll
0x000000005fc60000 - 0x000000005fced000 	C:\WINDOWS\System32\SYSFER.DLL
0x00007fff2b7b0000 - 0x00007fff2b93f000 	C:\WINDOWS\System32\USER32.dll
0x00007fff286a0000 - 0x00007fff286c0000 	C:\WINDOWS\System32\win32u.dll
0x00007fff29600000 - 0x00007fff29628000 	C:\WINDOWS\System32\GDI32.dll
0x00007fff287c0000 - 0x00007fff28953000 	C:\WINDOWS\System32\gdi32full.dll
0x00007fff28a10000 - 0x00007fff28aab000 	C:\WINDOWS\System32\msvcp_win.dll
0x00007fff286c0000 - 0x00007fff287b4000 	C:\WINDOWS\System32\ucrtbase.dll
0x00007fff16540000 - 0x00007fff167a9000 	C:\WINDOWS\WinSxS\amd64_microsoft.windows.common-controls_6595b64144ccf1df_6.0.16299.1087_none_0f9074b65a6589b7\COMCTL32.dll
0x00007fff29c50000 - 0x00007fff29ced000 	C:\WINDOWS\System32\msvcrt.dll
0x00007fff29940000 - 0x00007fff29c46000 	C:\WINDOWS\System32\combase.dll
0x00007fff29cf0000 - 0x00007fff29e0f000 	C:\WINDOWS\System32\RPCRT4.dll
0x00007fff28ab0000 - 0x00007fff28b22000 	C:\WINDOWS\System32\bcryptPrimitives.dll
0x00007fff28ef0000 - 0x00007fff28f1d000 	C:\WINDOWS\System32\IMM32.DLL
0x00007fff14930000 - 0x00007fff14946000 	D:\CSStudio\java\11\bin\vcruntime140.dll
0x00007ffeeda90000 - 0x00007ffeedb3a000 	D:\CSStudio\java\11\bin\msvcp140.dll
0x00007ffeba2b0000 - 0x00007ffebadd3000 	D:\CSStudio\java\11\bin\server\jvm.dll
0x00007fff29630000 - 0x00007fff296d1000 	C:\WINDOWS\System32\ADVAPI32.dll
0x00007fff2a0c0000 - 0x00007fff2a11b000 	C:\WINDOWS\System32\sechost.dll
0x00007fff28ed0000 - 0x00007fff28ed8000 	C:\WINDOWS\System32\PSAPI.DLL
0x00007fff15f80000 - 0x00007fff15f89000 	C:\WINDOWS\SYSTEM32\WSOCK32.dll
0x00007fff28f20000 - 0x00007fff28f8c000 	C:\WINDOWS\System32\WS2_32.dll
0x00007fff24d50000 - 0x00007fff24d73000 	C:\WINDOWS\SYSTEM32\WINMM.dll
0x00007fff21f90000 - 0x00007fff21f9a000 	C:\WINDOWS\SYSTEM32\VERSION.dll
0x00007fff24cf0000 - 0x00007fff24d1a000 	C:\WINDOWS\SYSTEM32\WINMMBASE.dll
0x00007fff28960000 - 0x00007fff289aa000 	C:\WINDOWS\System32\cfgmgr32.dll
0x00007fff27cf0000 - 0x00007fff27d01000 	C:\WINDOWS\System32\kernel.appcore.dll
0x00007fff0de10000 - 0x00007fff0de21000 	D:\CSStudio\java\11\bin\verify.dll
0x00007fff05630000 - 0x00007fff057f8000 	C:\WINDOWS\SYSTEM32\DBGHELP.DLL
0x00007ffee7020000 - 0x00007ffee7049000 	C:\WINDOWS\SYSTEM32\dbgcore.DLL
0x00007fff0a220000 - 0x00007fff0a248000 	D:\CSStudio\java\11\bin\java.dll
0x00007fff036b0000 - 0x00007fff036e7000 	D:\CSStudio\java\11\bin\jdwp.dll
0x00007fff0d5b0000 - 0x00007fff0d5c6000 	D:\CSStudio\java\11\bin\zip.dll
0x00007fff229c0000 - 0x00007fff229ca000 	D:\CSStudio\java\11\bin\jimage.dll

dbghelp: loaded successfully - version: 4.0.5 - missing functions: none
symbol engine: initialized successfully - sym options: 0x614 - pdb path: .;D:\CSStudio\java\11\bin;C:\WINDOWS\SYSTEM32;C:\WINDOWS\WinSxS\amd64_microsoft.windows.common-controls_6595b64144ccf1df_6.0.16299.1087_none_0f9074b65a6589b7;D:\CSStudio\java\11\bin\server

VM Arguments:
jvm_args: -agentlib:jdwp=transport=dt_socket,server=n,suspend=y,address=localhost:61926 -Dfile.encoding=UTF-8 
java_command: com.neusoft.bs.demo.Test
java_class_path (initial): C:\Users\think\AppData\Local\Temp\cp_3o7qnjjoz0ubcwxda6trimppt.jar
Launcher Type: SUN_STANDARD

[Global flags]
     intx CICompilerCount                          = 3                                         {product} {ergonomic}
     uint ConcGCThreads                            = 1                                         {product} {ergonomic}
     uint G1ConcRefinementThreads                  = 4                                         {product} {ergonomic}
   size_t G1HeapRegionSize                         = 1048576                                   {product} {ergonomic}
    uintx GCDrainStackTargetSize                   = 64                                        {product} {ergonomic}
   size_t InitialHeapSize                          = 260046848                                 {product} {ergonomic}
   size_t MarkStackSize                            = 4194304                                   {product} {ergonomic}
   size_t MaxHeapSize                              = 4143972352                                {product} {ergonomic}
   size_t MinHeapDeltaBytes                        = 1048576                                   {product} {ergonomic}
    uintx NonNMethodCodeHeapSize                   = 5830092                                {pd product} {ergonomic}
    uintx NonProfiledCodeHeapSize                  = 122914074                              {pd product} {ergonomic}
    uintx ProfiledCodeHeapSize                     = 122914074                              {pd product} {ergonomic}
    uintx ReservedCodeCacheSize                    = 251658240                              {pd product} {ergonomic}
     bool SegmentedCodeCache                       = true                                      {product} {ergonomic}
     bool UseCompressedClassPointers               = true                                 {lp64_product} {ergonomic}
     bool UseCompressedOops                        = true                                 {lp64_product} {ergonomic}
     bool UseG1GC                                  = true                                      {product} {ergonomic}
     bool UseLargePagesIndividualAllocation        = false                                  {pd product} {ergonomic}

Logging:
Log output configuration:
 #0: stdout all=warning uptime,level,tags
 #1: stderr all=off uptime,level,tags

Environment Variables:
JAVA_HOME=d:\CSStudio\java\8
PATH=C:\Program Files (x86)\Microsoft SDKs\Azure\CLI2\wbin;C:\app\client\think\product\12.1.0\client_1\bin;C:\oraclexe\app\oracle\product\11.2.0\server\bin;d:\graphicsmagick-1.3.26-q8;C:\ProgramData\Oracle\Java\javapath;C:\Program Files (x86)\Windows Resource Kits\Tools\;C:\WINDOWS\system32;C:\WINDOWS;C:\WINDOWS\System32\Wbem;C:\WINDOWS\System32\WindowsPowerShell\v1.0\;D:\DevelopTools\apache-maven-3.6.3\bin;C:\strawberry\c\bin;C:\strawberry\perl\bin;C:\WINDOWS\system32;C:\WINDOWS;C:\WINDOWS\System32\Wbem;C:\WINDOWS\System32\WindowsPowerShell\v1.0\;C:\Program Files\TortoiseSVN\bin;C:\Program Files\PuTTY\;C:\Program Files (x86)\scala\bin;C:\Program Files (x86)\sbt\bin;C:\Program Files\NVIDIA Corporation\NVIDIA NvDLISR;C:\Program Files (x86)\NVIDIA Corporation\PhysX\Common;C:\Program Files (x86)\Intel\Intel(R) Management Engine Components\DAL;C:\Program Files\Intel\Intel(R) Management Engine Components\DAL;C:\Program Files\Intel\WiFi\bin\;C:\Program Files\Common Files\Intel\WirelessCommon\;C:\Program Files\Amazon\AWSCLI\bin\;C:\ProgramData\chocolatey\bin;C:\Program Files\nodejs\;;C:\Program Files\Docker\Docker\resources\bin;C:\ProgramData\DockerDesktop\version-bin;d:\CSStudio\java\8\bin;C:\Users\think\AppData\Local\Programs\Python\Python35-32\Scripts\;C:\Users\think\AppData\Local\Programs\Python\Python35-32\;C:\Users\think\AppData\Local\Microsoft\WindowsApps;C:\Program Files (x86)\Windows Resource Kits\Tools;C:\OpenSSL-Win64/bin;C:\Users\think\AppData\Local\Programs\EmEditor;C:\Users\think\AppData\Local\Programs\Fiddler;D:\DevelopTools\curl-7.55.1-win64-mingw\bin;C:\Users\think\AppData\Local\Microsoft\WindowsApps;C:\Users\think\AppData\Local\Programs\Microsoft VS Code\bin;d:\Program Files\JetBrains\IntelliJ IDEA Community Edition 2019.1.1\bin;d:\Program Files\JetBrains\PyCharm Community Edition 2019.1.3\bin;C:\Program Files\Intel\WiFi\bin\;C:\Program Files\Common Files\Intel\WirelessCommon\;C:\Users\think\AppData\Roaming\npm;C:\Users\think\AppData\Local\GitHubDesktop\bin;
USERNAME=think
OS=Windows_NT
PROCESSOR_IDENTIFIER=Intel64 Family 6 Model 94 Stepping 3, GenuineIntel



---------------  S Y S T E M  ---------------

OS: Windows 10 , 64 bit Build 16299 (10.0.16299.1087)

CPU:total 4 (initial active 4) (4 cores per cpu, 1 threads per core) family 6 model 94 stepping 3, cmov, cx8, fxsr, mmx, sse, sse2, sse3, ssse3, sse4.1, sse4.2, popcnt, avx, avx2, clmul, erms, rtm, 3dnowpref, lzcnt, tsc, tscinvbit, bmi1, bmi2, adx, fma

Memory: 4k page, system-wide physical 15804M (5281M free)
TotalPageFile size 22080M (AvailPageFile size 242M)
current process WorkingSet (physical memory assigned to process): 10M, peak: 10M
current process commit charge ("private bytes"): 52M, peak: 300M

vm_info: OpenJDK 64-Bit Server VM (11.0.2+7) for windows-amd64 JRE (11.0.2+7), built on Dec 12 2018 03:45:43 by "mach5one" with MS VC++ 15.5 (VS2017)

END.
