#
# There is insufficient memory for the Java Runtime Environment to continue.
# Native memory allocation (malloc) failed to allocate 32744 bytes for ChunkPool::allocate
# Possible reasons:
#   The system is out of physical RAM or swap space
#   The process is running with CompressedOops enabled, and the Java Heap may be blocking the growth of the native heap
# Possible solutions:
#   Reduce memory load on the system
#   Increase physical memory or swap space
#   Check if swap backing store is full
#   Decrease Java heap size (-Xmx/-Xms)
#   Decrease number of Java threads
#   Decrease Java thread stack sizes (-Xss)
#   Set larger code cache with -XX:ReservedCodeCacheSize=
#   JVM is running with Unscaled Compressed Oops mode in which the Java heap is
#     placed in the first 4GB address space. The Java Heap base address is the
#     maximum limit for the native heap growth. Please use -XX:HeapBaseMinAddress
#     to set the Java Heap base and to place the Java Heap above 4GB virtual address.
# This output file may be truncated or incomplete.
#
#  Out of Memory Error (t:/workspace/open/src/hotspot/share/memory/arena.cpp:81), pid=153812, tid=154244
#
# JRE version: OpenJDK Runtime Environment (11.0.2+7) (build 11.0.2+7)
# Java VM: OpenJDK 64-Bit Server VM (11.0.2+7, mixed mode, tiered, compressed oops, parallel gc, windows-amd64)
# No core dump will be written. Minidumps are not enabled by default on client versions of Windows
#

---------------  S U M M A R Y ------------

Command Line: --add-modules=ALL-SYSTEM --add-opens=java.base/java.util=ALL-UNNAMED --add-opens=java.base/java.lang=ALL-UNNAMED -Declipse.application=org.eclipse.jdt.ls.core.id1 -Dosgi.bundles.defaultStartLevel=4 -Declipse.product=org.eclipse.jdt.ls.core.product -Dfile.encoding=utf8 -DwatchParentProcess=false -XX:+UseParallelGC -XX:GCTimeRatio=4 -XX:AdaptiveSizePolicyWeight=90 -Dsun.zip.disableMemoryMapping=true -Xmx1G -Xms100m -Xverify:none c:\Users\think\.vscode\extensions\redhat.java-0.60.0\server\plugins\org.eclipse.equinox.launcher_1.5.700.v20200207-2156.jar -configuration c:\Users\think\AppData\Roaming\Code\User\globalStorage\redhat.java\0.60.0\config_win -data c:\Users\think\AppData\Roaming\Code\User\workspaceStorage\069da18b215c667df132d9562a6e15c6\redhat.java\jdt_ws

Host: Intel(R) Core(TM) i5-6300HQ CPU @ 2.30GHz, 4 cores, 15G,  Windows 10 , 64 bit Build 16299 (10.0.16299.1087)
Time: Tue Apr 21 15:22:56 2020 ???? (?W?€??) elapsed time: 238 seconds (0d 0h 3m 58s)

---------------  T H R E A D  ---------------

Current thread (0x000001fdceedd000):  JavaThread "C2 CompilerThread0" daemon [_thread_in_native, id=154244, stack(0x0000003ee3d00000,0x0000003ee3e00000)]


Current CompileTask:
C2: 238450 15837   !   4       org.eclipse.jdt.internal.compiler.parser.Scanner::getNextToken0 (3042 bytes)

Stack: [0x0000003ee3d00000,0x0000003ee3e00000]
Native frames: (J=compiled Java code, j=interpreted, Vv=VM code, C=native code)
V  [jvm.dll+0x63489a]
V  [jvm.dll+0x771f9f]
V  [jvm.dll+0x773648]
V  [jvm.dll+0x773d03]
V  [jvm.dll+0x25eba8]
V  [jvm.dll+0xc23bb]
V  [jvm.dll+0xc271c]
V  [jvm.dll+0xc2270]
V  [jvm.dll+0x613baf]
V  [jvm.dll+0x6664d5]
V  [jvm.dll+0x1a989d]
V  [jvm.dll+0x218ad2]
V  [jvm.dll+0x217b6a]
V  [jvm.dll+0x194370]
V  [jvm.dll+0x226b3f]
V  [jvm.dll+0x225148]
V  [jvm.dll+0x73774d]
V  [jvm.dll+0x633942]
C  [ucrtbase.dll+0x1fa95]
C  [KERNEL32.DLL+0x137e4]
C  [ntdll.dll+0x6cb81]


---------------  P R O C E S S  ---------------

Threads class SMR info:
_java_thread_list=0x000001fddec81750, length=31, elements={
0x000001fdb520d800, 0x000001fdb52d6000, 0x000001fdceebd800, 0x000001fdcff53000,
0x000001fdceed9000, 0x000001fdceedd000, 0x000001fdceef1000, 0x000001fdcef1d800,
0x000001fdd008f800, 0x000001fdd017d000, 0x000001fdd069b000, 0x000001fdd068f800,
0x000001fdd14be800, 0x000001fdd19b0000, 0x000001fdd15c1800, 0x000001fdd1621000,
0x000001fdd1083800, 0x000001fdd49de000, 0x000001fdd49dd000, 0x000001fdd49e2000,
0x000001fdd49de800, 0x000001fdd49e3000, 0x000001fde0974000, 0x000001fde0976800,
0x000001fde0971000, 0x000001fde096f000, 0x000001fde0975800, 0x000001fde0970000,
0x000001fde0978000, 0x000001fde0977800, 0x000001fde0979000
}

Java Threads: ( => current thread )
  0x000001fdb520d800 JavaThread "main" [_thread_blocked, id=154064, stack(0x0000003ee3500000,0x0000003ee3600000)]
  0x000001fdb52d6000 JavaThread "Reference Handler" daemon [_thread_blocked, id=154220, stack(0x0000003ee3800000,0x0000003ee3900000)]
  0x000001fdceebd800 JavaThread "Finalizer" daemon [_thread_blocked, id=154224, stack(0x0000003ee3900000,0x0000003ee3a00000)]
  0x000001fdcff53000 JavaThread "Signal Dispatcher" daemon [_thread_blocked, id=154236, stack(0x0000003ee3b00000,0x0000003ee3c00000)]
  0x000001fdceed9000 JavaThread "Attach Listener" daemon [_thread_blocked, id=154240, stack(0x0000003ee3c00000,0x0000003ee3d00000)]
=>0x000001fdceedd000 JavaThread "C2 CompilerThread0" daemon [_thread_in_native, id=154244, stack(0x0000003ee3d00000,0x0000003ee3e00000)]
  0x000001fdceef1000 JavaThread "C1 CompilerThread0" daemon [_thread_blocked, id=154248, stack(0x0000003ee3e00000,0x0000003ee3f00000)]
  0x000001fdcef1d800 JavaThread "Sweeper thread" daemon [_thread_blocked, id=154252, stack(0x0000003ee3f00000,0x0000003ee4000000)]
  0x000001fdd008f800 JavaThread "Common-Cleaner" daemon [_thread_blocked, id=154272, stack(0x0000003ee4000000,0x0000003ee4100000)]
  0x000001fdd017d000 JavaThread "Service Thread" daemon [_thread_blocked, id=154288, stack(0x0000003ee4100000,0x0000003ee4200000)]
  0x000001fdd069b000 JavaThread "Active Thread: Equinox Container: 8f4ddd39-4c81-4e5c-b8dc-6a404678d0d1" [_thread_blocked, id=74352, stack(0x0000003ee4500000,0x0000003ee4600000)]
  0x000001fdd068f800 JavaThread "Framework Event Dispatcher: Equinox Container: 8f4ddd39-4c81-4e5c-b8dc-6a404678d0d1" daemon [_thread_blocked, id=128264, stack(0x0000003ee4600000,0x0000003ee4700000)]
  0x000001fdd14be800 JavaThread "Start Level: Equinox Container: 8f4ddd39-4c81-4e5c-b8dc-6a404678d0d1" daemon [_thread_blocked, id=149512, stack(0x0000003ee4700000,0x0000003ee4800000)]
  0x000001fdd19b0000 JavaThread "Bundle File Closer" daemon [_thread_blocked, id=84956, stack(0x0000003ee4c00000,0x0000003ee4d00000)]
  0x000001fdd15c1800 JavaThread "Worker-JM" [_thread_blocked, id=153152, stack(0x0000003ee4d00000,0x0000003ee4e00000)]
  0x000001fdd1621000 JavaThread "Worker-1" [_thread_blocked, id=150180, stack(0x0000003ee4f00000,0x0000003ee5000000)]
  0x000001fdd1083800 JavaThread "Java indexing" daemon [_thread_blocked, id=154152, stack(0x0000003ee5100000,0x0000003ee5200000)]
  0x000001fdd49de000 JavaThread "pool-1-thread-1" [_thread_in_native, id=154504, stack(0x0000003ee5400000,0x0000003ee5500000)]
  0x000001fdd49dd000 JavaThread "Worker-6" [_thread_blocked, id=142496, stack(0x0000003ee5900000,0x0000003ee5a00000)]
  0x000001fdd49e2000 JavaThread "ForkJoinPool.commonPool-worker-3" daemon [_thread_in_Java, id=154596, stack(0x0000003ee5a00000,0x0000003ee5b00000)]
  0x000001fdd49de800 JavaThread "ForkJoinPool.commonPool-worker-5" daemon [_thread_in_Java, id=100488, stack(0x0000003ee5b00000,0x0000003ee5c00000)]
  0x000001fdd49e3000 JavaThread "ForkJoinPool.commonPool-worker-7" daemon [_thread_blocked, id=154604, stack(0x0000003ee5c00000,0x0000003ee5d00000)]
  0x000001fde0974000 JavaThread "Java Debug Server" daemon [_thread_in_native, id=137472, stack(0x0000003ee7400000,0x0000003ee7500000)]
  0x000001fde0976800 JavaThread "RxSchedulerPurge-1" daemon [_thread_blocked, id=140104, stack(0x0000003ee7600000,0x0000003ee7700000)]
  0x000001fde0971000 JavaThread "RxCachedWorkerPoolEvictor-1" daemon [_thread_blocked, id=134528, stack(0x0000003ee7700000,0x0000003ee7800000)]
  0x000001fde096f000 JavaThread "pool-13-thread-1" [_thread_blocked, id=140736, stack(0x0000003ee9b00000,0x0000003ee9c00000)]
  0x000001fde0975800 JavaThread "pool-14-thread-1" [_thread_blocked, id=152528, stack(0x0000003ee9c00000,0x0000003ee9d00000)]
  0x000001fde0970000 JavaThread "Worker-7" [_thread_blocked, id=154452, stack(0x0000003ee9d00000,0x0000003ee9e00000)]
  0x000001fde0978000 JavaThread "pool-15-thread-1" [_thread_blocked, id=150620, stack(0x0000003ee9f00000,0x0000003eea000000)]
  0x000001fde0977800 JavaThread "pool-16-thread-1" [_thread_blocked, id=130028, stack(0x0000003eea000000,0x0000003eea100000)]
  0x000001fde0979000 JavaThread "C2 CompilerThread1" daemon [_thread_in_native, id=145872, stack(0x0000003eea200000,0x0000003eea300000)]

Other Threads:
  0x000001fdb52d2000 VMThread "VM Thread" [stack: 0x0000003ee3700000,0x0000003ee3800000] [id=154208]
  0x000001fdd017e000 WatcherThread [stack: 0x0000003ee4200000,0x0000003ee4300000] [id=154292]
  0x000001fdb5224800 GCTaskThread "ParGC Thread#0" [stack: 0x0000003ee3600000,0x0000003ee3700000] [id=154148]
  0x000001fdd05cc000 GCTaskThread "ParGC Thread#1" [stack: 0x0000003ee4800000,0x0000003ee4900000] [id=145480]
  0x000001fdd09e1800 GCTaskThread "ParGC Thread#2" [stack: 0x0000003ee4900000,0x0000003ee4a00000] [id=152628]
  0x000001fdd09e2000 GCTaskThread "ParGC Thread#3" [stack: 0x0000003ee4a00000,0x0000003ee4b00000] [id=145456]

Threads with active compile tasks:
C2 CompilerThread015837   !   4       org.eclipse.jdt.internal.compiler.parser.Scanner::getNextToken0 (3042 bytes)
C2 CompilerThread115616   !   4       org.eclipse.jdt.internal.compiler.lookup.ConstraintExpressionFormula::reduce (1244 bytes)

VM state:not at safepoint (normal execution)

VM Mutex/Monitor currently owned by a thread: None

Heap address: 0x00000000c0000000, size: 1024 MB, Compressed Oops mode: 32-bit
Narrow klass base: 0x0000000000000000, Narrow klass shift: 3
Compressed class space size: 1073741824 Address: 0x0000000100000000

Heap:
 PSYoungGen      total 11264K, used 10384K [0x00000000eab00000, 0x00000000eb680000, 0x0000000100000000)
  eden space 10752K, 91% used [0x00000000eab00000,0x00000000eb4a42d8,0x00000000eb580000)
  from space 512K, 100% used [0x00000000eb580000,0x00000000eb600000,0x00000000eb600000)
  to   space 512K, 0% used [0x00000000eb600000,0x00000000eb600000,0x00000000eb680000)
 ParOldGen       total 178688K, used 140300K [0x00000000c0000000, 0x00000000cae80000, 0x00000000eab00000)
  object space 178688K, 78% used [0x00000000c0000000,0x00000000c8903228,0x00000000cae80000)
 Metaspace       used 73633K, capacity 76848K, committed 77056K, reserved 1118208K
  class space    used 6845K, capacity 8158K, committed 8192K, reserved 1048576K

Card table byte_map: [0x000001fdb4bc0000,0x000001fdb4dd0000] _byte_map_base: 0x000001fdb45c0000

Marking Bits: (ParMarkBitMap*) 0x00007ffebad1b9c0
 Begin Bits: [0x000001fdcc520000, 0x000001fdcd520000)
 End Bits:   [0x000001fdcd520000, 0x000001fdce520000)

Polling page: 0x000001fdb30d0000

Metaspace:

Usage:
  Non-class:     67.08 MB capacity,    65.22 MB ( 97%) used,     1.70 MB (  3%) free+waste,   162.50 KB ( <1%) overhead. 
      Class:      7.97 MB capacity,     6.69 MB ( 84%) used,     1.21 MB ( 15%) free+waste,    69.06 KB ( <1%) overhead. 
       Both:     75.05 MB capacity,    71.91 MB ( 96%) used,     2.91 MB (  4%) free+waste,   231.56 KB ( <1%) overhead. 

Virtual space:
  Non-class space:       68.00 MB reserved,      67.25 MB ( 99%) committed 
      Class space:        1.00 GB reserved,       8.00 MB ( <1%) committed 
             Both:        1.07 GB reserved,      75.25 MB (  7%) committed 

Chunk freelists:
   Non-Class:  5.75 KB
       Class:  256 bytes
        Both:  6.00 KB

CodeHeap 'non-profiled nmethods': size=120064Kb used=13589Kb max_used=13884Kb free=106475Kb
 bounds [0x000001fdc4fe0000, 0x000001fdc5d80000, 0x000001fdcc520000]
CodeHeap 'profiled nmethods': size=120000Kb used=34983Kb max_used=35006Kb free=85016Kb
 bounds [0x000001fdbdab0000, 0x000001fdbfd50000, 0x000001fdc4fe0000]
CodeHeap 'non-nmethods': size=5696Kb used=1298Kb max_used=1411Kb free=4397Kb
 bounds [0x000001fdbd520000, 0x000001fdbd790000, 0x000001fdbdab0000]
 total_blobs=21226 nmethods=12955 adapters=614
 compilation: enabled
              stopped_count=0, restarted_count=0
 full_count=0

Compilation events (10 events):
Event: 238.411 Thread 0x000001fdceef1000 nmethod 15912 0x000001fdbeb3f710 code [0x000001fdbeb3f8c0, 0x000001fdbeb3fa18]
Event: 238.411 Thread 0x000001fdceef1000 15913       2       org.eclipse.jdt.internal.compiler.ast.NullAnnotationMatching::requiredNullTagBits (213 bytes)
Event: 238.412 Thread 0x000001fdceef1000 nmethod 15913 0x000001fdbebee690 code [0x000001fdbebee8a0, 0x000001fdbebeed00]
Event: 238.412 Thread 0x000001fdceef1000 15914       2       org.eclipse.jdt.internal.compiler.ast.NullAnnotationMatching::providedNullTagBits (166 bytes)
Event: 238.412 Thread 0x000001fdceef1000 nmethod 15914 0x000001fdbebede90 code [0x000001fdbebee080, 0x000001fdbebee490]
Event: 238.412 Thread 0x000001fdceef1000 15915       2       org.eclipse.jdt.internal.compiler.ast.NullAnnotationMatching::computeNullProblemSeverity (394 bytes)
Event: 238.413 Thread 0x000001fdceef1000 nmethod 15915 0x000001fdbebf4510 code [0x000001fdbebf4760, 0x000001fdbebf4ef0]
Event: 238.413 Thread 0x000001fdceef1000 15916       1       org.eclipse.jdt.internal.compiler.ASTVisitor::visit (2 bytes)
Event: 238.413 Thread 0x000001fdceef1000 nmethod 15916 0x000001fdc55a6590 code [0x000001fdc55a6740, 0x000001fdc55a6858]
Event: 238.423 Thread 0x000001fdceef1000 15917       2       org.eclipse.jdt.internal.compiler.ast.Annotation::resolveType (1489 bytes)

GC Heap History (10 events):
Event: 238.364 GC heap before
{Heap before GC invocations=475 (full 13):
 PSYoungGen      total 11264K, used 10816K [0x00000000eab00000, 0x00000000eb680000, 0x0000000100000000)
  eden space 10752K, 100% used [0x00000000eab00000,0x00000000eb580000,0x00000000eb580000)
  from space 512K, 12% used [0x00000000eb600000,0x00000000eb610000,0x00000000eb680000)
  to   space 512K, 0% used [0x00000000eb580000,0x00000000eb580000,0x00000000eb600000)
 ParOldGen       total 178688K, used 133474K [0x00000000c0000000, 0x00000000cae80000, 0x00000000eab00000)
  object space 178688K, 74% used [0x00000000c0000000,0x00000000c8258910,0x00000000cae80000)
 Metaspace       used 73609K, capacity 76848K, committed 77056K, reserved 1118208K
  class space    used 6845K, capacity 8158K, committed 8192K, reserved 1048576K
}
Event: 238.366 GC heap after
{Heap after GC invocations=475 (full 13):
 PSYoungGen      total 11264K, used 495K [0x00000000eab00000, 0x00000000eb680000, 0x0000000100000000)
  eden space 10752K, 0% used [0x00000000eab00000,0x00000000eab00000,0x00000000eb580000)
  from space 512K, 96% used [0x00000000eb580000,0x00000000eb5fbdd0,0x00000000eb600000)
  to   space 512K, 0% used [0x00000000eb600000,0x00000000eb600000,0x00000000eb680000)
 ParOldGen       total 178688K, used 133482K [0x00000000c0000000, 0x00000000cae80000, 0x00000000eab00000)
  object space 178688K, 74% used [0x00000000c0000000,0x00000000c825a910,0x00000000cae80000)
 Metaspace       used 73609K, capacity 76848K, committed 77056K, reserved 1118208K
  class space    used 6845K, capacity 8158K, committed 8192K, reserved 1048576K
}
Event: 238.376 GC heap before
{Heap before GC invocations=476 (full 13):
 PSYoungGen      total 11264K, used 11247K [0x00000000eab00000, 0x00000000eb680000, 0x0000000100000000)
  eden space 10752K, 100% used [0x00000000eab00000,0x00000000eb580000,0x00000000eb580000)
  from space 512K, 96% used [0x00000000eb580000,0x00000000eb5fbdd0,0x00000000eb600000)
  to   space 512K, 0% used [0x00000000eb600000,0x00000000eb600000,0x00000000eb680000)
 ParOldGen       total 178688K, used 133482K [0x00000000c0000000, 0x00000000cae80000, 0x00000000eab00000)
  object space 178688K, 74% used [0x00000000c0000000,0x00000000c825a910,0x00000000cae80000)
 Metaspace       used 73609K, capacity 76848K, committed 77056K, reserved 1118208K
  class space    used 6845K, capacity 8158K, committed 8192K, reserved 1048576K
}
Event: 238.380 GC heap after
{Heap after GC invocations=476 (full 13):
 PSYoungGen      total 11264K, used 32K [0x00000000eab00000, 0x00000000eb680000, 0x0000000100000000)
  eden space 10752K, 0% used [0x00000000eab00000,0x00000000eab00000,0x00000000eb580000)
  from space 512K, 6% used [0x00000000eb600000,0x00000000eb608000,0x00000000eb680000)
  to   space 512K, 0% used [0x00000000eb580000,0x00000000eb580000,0x00000000eb600000)
 ParOldGen       total 178688K, used 133490K [0x00000000c0000000, 0x00000000cae80000, 0x00000000eab00000)
  object space 178688K, 74% used [0x00000000c0000000,0x00000000c825c910,0x00000000cae80000)
 Metaspace       used 73609K, capacity 76848K, committed 77056K, reserved 1118208K
  class space    used 6845K, capacity 8158K, committed 8192K, reserved 1048576K
}
Event: 238.389 GC heap before
{Heap before GC invocations=477 (full 13):
 PSYoungGen      total 11264K, used 10784K [0x00000000eab00000, 0x00000000eb680000, 0x0000000100000000)
  eden space 10752K, 100% used [0x00000000eab00000,0x00000000eb580000,0x00000000eb580000)
  from space 512K, 6% used [0x00000000eb600000,0x00000000eb608000,0x00000000eb680000)
  to   space 512K, 0% used [0x00000000eb580000,0x00000000eb580000,0x00000000eb600000)
 ParOldGen       total 178688K, used 133490K [0x00000000c0000000, 0x00000000cae80000, 0x00000000eab00000)
  object space 178688K, 74% used [0x00000000c0000000,0x00000000c825c910,0x00000000cae80000)
 Metaspace       used 73609K, capacity 76848K, committed 77056K, reserved 1118208K
  class space    used 6845K, capacity 8158K, committed 8192K, reserved 1048576K
}
Event: 238.391 GC heap after
{Heap after GC invocations=477 (full 13):
 PSYoungGen      total 11264K, used 512K [0x00000000eab00000, 0x00000000eb680000, 0x0000000100000000)
  eden space 10752K, 0% used [0x00000000eab00000,0x00000000eab00000,0x00000000eb580000)
  from space 512K, 100% used [0x00000000eb580000,0x00000000eb600000,0x00000000eb600000)
  to   space 512K, 0% used [0x00000000eb600000,0x00000000eb600000,0x00000000eb680000)
 ParOldGen       total 178688K, used 134175K [0x00000000c0000000, 0x00000000cae80000, 0x00000000eab00000)
  object space 178688K, 75% used [0x00000000c0000000,0x00000000c8307ee0,0x00000000cae80000)
 Metaspace       used 73609K, capacity 76848K, committed 77056K, reserved 1118208K
  class space    used 6845K, capacity 8158K, committed 8192K, reserved 1048576K
}
Event: 238.402 GC heap before
{Heap before GC invocations=478 (full 13):
 PSYoungGen      total 11264K, used 11264K [0x00000000eab00000, 0x00000000eb680000, 0x0000000100000000)
  eden space 10752K, 100% used [0x00000000eab00000,0x00000000eb580000,0x00000000eb580000)
  from space 512K, 100% used [0x00000000eb580000,0x00000000eb600000,0x00000000eb600000)
  to   space 512K, 0% used [0x00000000eb600000,0x00000000eb600000,0x00000000eb680000)
 ParOldGen       total 178688K, used 134175K [0x00000000c0000000, 0x00000000cae80000, 0x00000000eab00000)
  object space 178688K, 75% used [0x00000000c0000000,0x00000000c8307ee0,0x00000000cae80000)
 Metaspace       used 73610K, capacity 76848K, committed 77056K, reserved 1118208K
  class space    used 6845K, capacity 8158K, committed 8192K, reserved 1048576K
}
Event: 238.406 GC heap after
{Heap after GC invocations=478 (full 13):
 PSYoungGen      total 11264K, used 496K [0x00000000eab00000, 0x00000000eb680000, 0x0000000100000000)
  eden space 10752K, 0% used [0x00000000eab00000,0x00000000eab00000,0x00000000eb580000)
  from space 512K, 96% used [0x00000000eb600000,0x00000000eb67c010,0x00000000eb680000)
  to   space 512K, 0% used [0x00000000eb580000,0x00000000eb580000,0x00000000eb600000)
 ParOldGen       total 178688K, used 135422K [0x00000000c0000000, 0x00000000cae80000, 0x00000000eab00000)
  object space 178688K, 75% used [0x00000000c0000000,0x00000000c843f878,0x00000000cae80000)
 Metaspace       used 73610K, capacity 76848K, committed 77056K, reserved 1118208K
  class space    used 6845K, capacity 8158K, committed 8192K, reserved 1048576K
}
Event: 238.417 GC heap before
{Heap before GC invocations=479 (full 13):
 PSYoungGen      total 11264K, used 11248K [0x00000000eab00000, 0x00000000eb680000, 0x0000000100000000)
  eden space 10752K, 100% used [0x00000000eab00000,0x00000000eb580000,0x00000000eb580000)
  from space 512K, 96% used [0x00000000eb600000,0x00000000eb67c010,0x00000000eb680000)
  to   space 512K, 0% used [0x00000000eb580000,0x00000000eb580000,0x00000000eb600000)
 ParOldGen       total 178688K, used 135422K [0x00000000c0000000, 0x00000000cae80000, 0x00000000eab00000)
  object space 178688K, 75% used [0x00000000c0000000,0x00000000c843f878,0x00000000cae80000)
 Metaspace       used 73612K, capacity 76848K, committed 77056K, reserved 1118208K
  class space    used 6845K, capacity 8158K, committed 8192K, reserved 1048576K
}
Event: 238.422 GC heap after
{Heap after GC invocations=479 (full 13):
 PSYoungGen      total 11264K, used 312K [0x00000000eab00000, 0x00000000eb680000, 0x0000000100000000)
  eden space 10752K, 0% used [0x00000000eab00000,0x00000000eab00000,0x00000000eb580000)
  from space 512K, 61% used [0x00000000eb580000,0x00000000eb5ce1a8,0x00000000eb600000)
  to   space 512K, 0% used [0x00000000eb600000,0x00000000eb600000,0x00000000eb680000)
 ParOldGen       total 178688K, used 136349K [0x00000000c0000000, 0x00000000cae80000, 0x00000000eab00000)
  object space 178688K, 76% used [0x00000000c0000000,0x00000000c8527658,0x00000000cae80000)
 Metaspace       used 73612K, capacity 76848K, committed 77056K, reserved 1118208K
  class space    used 6845K, capacity 8158K, committed 8192K, reserved 1048576K
}

Deoptimization events (10 events):
Event: 237.923 Thread 0x000001fdd49e2000 Uncommon trap: reason=unstable_if action=reinterpret pc=0x000001fdc59ea068 method=org.eclipse.jdt.internal.codeassist.impl.AssistParser.isInsideMethod()Z @ 14 c2
Event: 237.938 Thread 0x000001fdd49de800 Uncommon trap: reason=unstable_if action=reinterpret pc=0x000001fdc5d6c214 method=org.eclipse.jdt.core.dom.DefaultCommentMapper.storeTrailingComments(Lorg/eclipse/jdt/core/dom/ASTNode;IZ[I)I @ 275 c2
Event: 237.939 Thread 0x000001fdd49de800 Uncommon trap: reason=unstable_if action=reinterpret pc=0x000001fdc5d44764 method=org.eclipse.jdt.core.dom.DefaultCommentMapper.storeLeadingComments(Lorg/eclipse/jdt/core/dom/ASTNode;I[I)I @ 251 c2
Event: 238.160 Thread 0x000001fdd49e2000 Uncommon trap: reason=class_check action=maybe_recompile pc=0x000001fdc576d194 method=org.eclipse.jdt.internal.compiler.parser.Scanner.getNextToken0()I @ 2544 c2
Event: 238.161 Thread 0x000001fdd49e2000 Uncommon trap: reason=class_check action=maybe_recompile pc=0x000001fdc576d194 method=org.eclipse.jdt.internal.compiler.parser.Scanner.getNextToken0()I @ 2544 c2
Event: 238.161 Thread 0x000001fdd49e2000 Uncommon trap: reason=class_check action=maybe_recompile pc=0x000001fdc576d194 method=org.eclipse.jdt.internal.compiler.parser.Scanner.getNextToken0()I @ 2544 c2
Event: 238.162 Thread 0x000001fdd49e2000 Uncommon trap: reason=class_check action=maybe_recompile pc=0x000001fdc576d194 method=org.eclipse.jdt.internal.compiler.parser.Scanner.getNextToken0()I @ 2544 c2
Event: 238.167 Thread 0x000001fdd49de800 Uncommon trap: reason=unstable_if action=reinterpret pc=0x000001fdc59a2d1c method=org.eclipse.jdt.core.dom.DefaultBindingResolver.getMethodOrLambdaBinding(Lorg/eclipse/jdt/internal/compiler/lookup/MethodBinding;Lorg/eclipse/jdt/internal/compiler/lookup/Me
Event: 238.317 Thread 0x000001fdd49e2000 Uncommon trap: reason=bimorphic_or_optimized_type_check action=maybe_recompile pc=0x000001fdc57647f0 method=org.eclipse.jdt.internal.compiler.parser.Parser.consumeToken(I)V @ 816 c2
Event: 238.317 Thread 0x000001fdd49e2000 Uncommon trap: reason=unstable_if action=reinterpret pc=0x000001fdc57645c8 method=org.eclipse.jdt.internal.compiler.parser.Parser.consumeToken(I)V @ 2100 c2

Classes redefined (0 events):
No events

Internal exceptions (10 events):
Event: 234.629 Thread 0x000001fdd49de800 Exception <a 'java/lang/ArrayIndexOutOfBoundsException'{0x00000000eb261840}> (0x00000000eb261840) thrown at [t:/workspace/open/src/hotspot/share/runtime/sharedRuntime.cpp, line 584]
Event: 234.629 Thread 0x000001fdd49de800 Exception <a 'java/lang/ArrayIndexOutOfBoundsException'{0x00000000eb262108}> (0x00000000eb262108) thrown at [t:/workspace/open/src/hotspot/share/runtime/sharedRuntime.cpp, line 584]
Event: 234.629 Thread 0x000001fdd49de800 Exception <a 'java/lang/ArrayIndexOutOfBoundsException'{0x00000000eb262b30}> (0x00000000eb262b30) thrown at [t:/workspace/open/src/hotspot/share/runtime/sharedRuntime.cpp, line 584]
Event: 234.629 Thread 0x000001fdd49de800 Exception <a 'java/lang/ArrayIndexOutOfBoundsException'{0x00000000eb263538}> (0x00000000eb263538) thrown at [t:/workspace/open/src/hotspot/share/runtime/sharedRuntime.cpp, line 584]
Event: 234.629 Thread 0x000001fdd49de800 Exception <a 'java/lang/ArrayIndexOutOfBoundsException'{0x00000000eb263f40}> (0x00000000eb263f40) thrown at [t:/workspace/open/src/hotspot/share/runtime/sharedRuntime.cpp, line 584]
Event: 234.629 Thread 0x000001fdd49de800 Exception <a 'java/lang/ArrayIndexOutOfBoundsException'{0x00000000eb2646a8}> (0x00000000eb2646a8) thrown at [t:/workspace/open/src/hotspot/share/runtime/sharedRuntime.cpp, line 584]
Event: 238.334 Thread 0x000001fdd49e2000 Exception <a 'java/lang/ArrayIndexOutOfBoundsException'{0x00000000ead3ff78}: Index 441789 out of bounds for length 441789> (0x00000000ead3ff78) thrown at [t:/workspace/open/src/hotspot/share/interpreter/interpreterRuntime.cpp, line 459]
Event: 238.334 Thread 0x000001fdd49e2000 Exception <a 'java/lang/ArrayIndexOutOfBoundsException'{0x00000000ead402a0}: Index 441789 out of bounds for length 441789> (0x00000000ead402a0) thrown at [t:/workspace/open/src/hotspot/share/interpreter/interpreterRuntime.cpp, line 459]
Event: 238.334 Thread 0x000001fdd49e2000 Exception <a 'java/lang/ArrayIndexOutOfBoundsException'{0x00000000ead405c8}: Index 441790 out of bounds for length 441789> (0x00000000ead405c8) thrown at [t:/workspace/open/src/hotspot/share/interpreter/interpreterRuntime.cpp, line 459]
Event: 238.376 Thread 0x000001fdd49e2000 Exception <a 'java/lang/ArrayIndexOutOfBoundsException'{0x00000000eb526ac8}: Index 441789 out of bounds for length 441789> (0x00000000eb526ac8) thrown at [t:/workspace/open/src/hotspot/share/interpreter/interpreterRuntime.cpp, line 459]

Events (10 events):
Event: 238.362 Executing VM operation: ParallelGCFailedAllocation
Event: 238.366 Executing VM operation: ParallelGCFailedAllocation done
Event: 238.376 Executing VM operation: ParallelGCFailedAllocation
Event: 238.380 Executing VM operation: ParallelGCFailedAllocation done
Event: 238.389 Executing VM operation: ParallelGCFailedAllocation
Event: 238.391 Executing VM operation: ParallelGCFailedAllocation done
Event: 238.401 Executing VM operation: ParallelGCFailedAllocation
Event: 238.406 Executing VM operation: ParallelGCFailedAllocation done
Event: 238.416 Executing VM operation: ParallelGCFailedAllocation
Event: 238.422 Executing VM operation: ParallelGCFailedAllocation done


Dynamic libraries:
0x00007ff738f90000 - 0x00007ff738fd5000 	D:\CSStudio\java\11\bin\java.exe
0x00007fff2b980000 - 0x00007fff2bb60000 	C:\WINDOWS\SYSTEM32\ntdll.dll
0x00007fff29fb0000 - 0x00007fff2a05e000 	C:\WINDOWS\System32\KERNEL32.DLL
0x00007fff28b30000 - 0x00007fff28d96000 	C:\WINDOWS\System32\KERNELBASE.dll
0x000000005fc60000 - 0x000000005fced000 	C:\WINDOWS\System32\SYSFER.DLL
0x00007fff2b7b0000 - 0x00007fff2b93f000 	C:\WINDOWS\System32\USER32.dll
0x00007fff286a0000 - 0x00007fff286c0000 	C:\WINDOWS\System32\win32u.dll
0x00007fff29600000 - 0x00007fff29628000 	C:\WINDOWS\System32\GDI32.dll
0x00007fff287c0000 - 0x00007fff28953000 	C:\WINDOWS\System32\gdi32full.dll
0x00007fff28a10000 - 0x00007fff28aab000 	C:\WINDOWS\System32\msvcp_win.dll
0x00007fff286c0000 - 0x00007fff287b4000 	C:\WINDOWS\System32\ucrtbase.dll
0x00007fff16540000 - 0x00007fff167a9000 	C:\WINDOWS\WinSxS\amd64_microsoft.windows.common-controls_6595b64144ccf1df_6.0.16299.1087_none_0f9074b65a6589b7\COMCTL32.dll
0x00007fff29c50000 - 0x00007fff29ced000 	C:\WINDOWS\System32\msvcrt.dll
0x00007fff29940000 - 0x00007fff29c46000 	C:\WINDOWS\System32\combase.dll
0x00007fff29cf0000 - 0x00007fff29e0f000 	C:\WINDOWS\System32\RPCRT4.dll
0x00007fff28ab0000 - 0x00007fff28b22000 	C:\WINDOWS\System32\bcryptPrimitives.dll
0x00007fff28ef0000 - 0x00007fff28f1d000 	C:\WINDOWS\System32\IMM32.DLL
0x00007fff14930000 - 0x00007fff14946000 	D:\CSStudio\java\11\bin\vcruntime140.dll
0x00007ffeeda90000 - 0x00007ffeedb3a000 	D:\CSStudio\java\11\bin\msvcp140.dll
0x00007ffeba2b0000 - 0x00007ffebadd3000 	D:\CSStudio\java\11\bin\server\jvm.dll
0x00007fff29630000 - 0x00007fff296d1000 	C:\WINDOWS\System32\ADVAPI32.dll
0x00007fff2a0c0000 - 0x00007fff2a11b000 	C:\WINDOWS\System32\sechost.dll
0x00007fff28ed0000 - 0x00007fff28ed8000 	C:\WINDOWS\System32\PSAPI.DLL
0x00007fff15f80000 - 0x00007fff15f89000 	C:\WINDOWS\SYSTEM32\WSOCK32.dll
0x00007fff28f20000 - 0x00007fff28f8c000 	C:\WINDOWS\System32\WS2_32.dll
0x00007fff24d50000 - 0x00007fff24d73000 	C:\WINDOWS\SYSTEM32\WINMM.dll
0x00007fff21f90000 - 0x00007fff21f9a000 	C:\WINDOWS\SYSTEM32\VERSION.dll
0x00007fff24cf0000 - 0x00007fff24d1a000 	C:\WINDOWS\SYSTEM32\WINMMBASE.dll
0x00007fff28960000 - 0x00007fff289aa000 	C:\WINDOWS\System32\cfgmgr32.dll
0x00007fff27cf0000 - 0x00007fff27d01000 	C:\WINDOWS\System32\kernel.appcore.dll
0x00007fff0de10000 - 0x00007fff0de21000 	D:\CSStudio\java\11\bin\verify.dll
0x00007fff05630000 - 0x00007fff057f8000 	C:\WINDOWS\SYSTEM32\DBGHELP.DLL
0x00007ffee7020000 - 0x00007ffee7049000 	C:\WINDOWS\SYSTEM32\dbgcore.DLL
0x00007fff0a220000 - 0x00007fff0a248000 	D:\CSStudio\java\11\bin\java.dll
0x00007fff0d5b0000 - 0x00007fff0d5c6000 	D:\CSStudio\java\11\bin\zip.dll
0x00007fff229c0000 - 0x00007fff229ca000 	D:\CSStudio\java\11\bin\jimage.dll
0x00007fff2a370000 - 0x00007fff2b7a8000 	C:\WINDOWS\System32\SHELL32.dll
0x00007fff29550000 - 0x00007fff295f6000 	C:\WINDOWS\System32\shcore.dll
0x00007fff27d80000 - 0x00007fff284c7000 	C:\WINDOWS\System32\windows.storage.dll
0x00007fff2a120000 - 0x00007fff2a171000 	C:\WINDOWS\System32\shlwapi.dll
0x00007fff27d10000 - 0x00007fff27d5c000 	C:\WINDOWS\System32\powrprof.dll
0x00007fff27cd0000 - 0x00007fff27ceb000 	C:\WINDOWS\System32\profapi.dll
0x00007fff0abe0000 - 0x00007fff0abf9000 	D:\CSStudio\java\11\bin\net.dll
0x00007fff22ce0000 - 0x00007fff22dbe000 	C:\WINDOWS\SYSTEM32\WINHTTP.dll
0x00007fff1a970000 - 0x00007fff1ab39000 	C:\WINDOWS\SYSTEM32\urlmon.dll
0x00007fff2a2f0000 - 0x00007fff2a30d000 	C:\WINDOWS\System32\imagehlp.dll
0x00007fff1a6c0000 - 0x00007fff1a95f000 	C:\WINDOWS\SYSTEM32\iertutil.dll
0x00007fff27720000 - 0x00007fff2772b000 	C:\WINDOWS\SYSTEM32\CRYPTBASE.DLL
0x00007fff27560000 - 0x00007fff275c6000 	C:\WINDOWS\system32\mswsock.dll
0x00007fff08bd0000 - 0x00007fff08be3000 	D:\CSStudio\java\11\bin\nio.dll
0x00007fff27730000 - 0x00007fff27747000 	C:\WINDOWS\SYSTEM32\CRYPTSP.dll
0x00007fff27160000 - 0x00007fff27193000 	C:\WINDOWS\system32\rsaenh.dll
0x00007fff27830000 - 0x00007fff27855000 	C:\WINDOWS\SYSTEM32\bcrypt.dll
0x00007fff27bd0000 - 0x00007fff27bf9000 	C:\WINDOWS\SYSTEM32\USERENV.dll
0x00007fff272f0000 - 0x00007fff27329000 	C:\WINDOWS\SYSTEM32\IPHLPAPI.DLL
0x00007fff2b940000 - 0x00007fff2b948000 	C:\WINDOWS\System32\NSI.dll
0x00007fff1fdb0000 - 0x00007fff1fdc6000 	C:\WINDOWS\SYSTEM32\dhcpcsvc6.DLL
0x00007fff1fd90000 - 0x00007fff1fdaa000 	C:\WINDOWS\SYSTEM32\dhcpcsvc.DLL
0x00007ffef59e0000 - 0x00007ffef5a09000 	C:\Users\think\AppData\Roaming\Code\User\globalStorage\redhat.java\0.60.0\config_win\org.eclipse.equinox.launcher\org.eclipse.equinox.launcher.win32.win32.x86_64_1.1.1100.v20190907-0426\eclipse_1902.dll
0x00007fff03640000 - 0x00007fff03651000 	C:\Users\think\AppData\Roaming\Code\User\globalStorage\redhat.java\0.60.0\config_win\org.eclipse.osgi\20\0\.cp\jWinHttp-1.0.0.dll
0x00007fff297f0000 - 0x00007fff29939000 	C:\WINDOWS\System32\ole32.dll
0x00007ffef57d0000 - 0x00007ffef57f7000 	D:\CSStudio\java\11\bin\sunec.dll

dbghelp: loaded successfully - version: 4.0.5 - missing functions: none
symbol engine: initialized successfully - sym options: 0x614 - pdb path: .;D:\CSStudio\java\11\bin;C:\WINDOWS\SYSTEM32;C:\WINDOWS\WinSxS\amd64_microsoft.windows.common-controls_6595b64144ccf1df_6.0.16299.1087_none_0f9074b65a6589b7;D:\CSStudio\java\11\bin\server;C:\Users\think\AppData\Roaming\Code\User\globalStorage\redhat.java\0.60.0\config_win\org.eclipse.equinox.launcher\org.eclipse.equinox.launcher.win32.win32.x86_64_1.1.1100.v20190907-0426;C:\Users\think\AppData\Roaming\Code\User\globalStorage\redhat.java\0.60.0\config_win\org.eclipse.osgi\20\0\.cp

VM Arguments:
jvm_args: --add-modules=ALL-SYSTEM --add-opens=java.base/java.util=ALL-UNNAMED --add-opens=java.base/java.lang=ALL-UNNAMED -Declipse.application=org.eclipse.jdt.ls.core.id1 -Dosgi.bundles.defaultStartLevel=4 -Declipse.product=org.eclipse.jdt.ls.core.product -Dfile.encoding=utf8 -DwatchParentProcess=false -XX:+UseParallelGC -XX:GCTimeRatio=4 -XX:AdaptiveSizePolicyWeight=90 -Dsun.zip.disableMemoryMapping=true -Xmx1G -Xms100m -Xverify:none 
java_command: c:\Users\think\.vscode\extensions\redhat.java-0.60.0\server\plugins\org.eclipse.equinox.launcher_1.5.700.v20200207-2156.jar -configuration c:\Users\think\AppData\Roaming\Code\User\globalStorage\redhat.java\0.60.0\config_win -data c:\Users\think\AppData\Roaming\Code\User\workspaceStorage\069da18b215c667df132d9562a6e15c6\redhat.java\jdt_ws
java_class_path (initial): c:\Users\think\.vscode\extensions\redhat.java-0.60.0\server\plugins\org.eclipse.equinox.launcher_1.5.700.v20200207-2156.jar
Launcher Type: SUN_STANDARD

[Global flags]
    uintx AdaptiveSizePolicyWeight                 = 90                                        {product} {command line}
     bool BytecodeVerificationLocal                = false                                     {product} {command line}
     bool BytecodeVerificationRemote               = false                                     {product} {command line}
     intx CICompilerCount                          = 3                                         {product} {ergonomic}
    uintx GCTimeRatio                              = 4                                         {product} {command line}
   size_t InitialHeapSize                          = 104857600                                 {product} {command line}
   size_t MaxHeapSize                              = 1073741824                                {product} {command line}
   size_t MaxNewSize                               = 357564416                                 {product} {ergonomic}
   size_t MinHeapDeltaBytes                        = 524288                                    {product} {ergonomic}
   size_t NewSize                                  = 34603008                                  {product} {ergonomic}
    uintx NonNMethodCodeHeapSize                   = 5830092                                {pd product} {ergonomic}
    uintx NonProfiledCodeHeapSize                  = 122914074                              {pd product} {ergonomic}
   size_t OldSize                                  = 70254592                                  {product} {ergonomic}
    uintx ProfiledCodeHeapSize                     = 122914074                              {pd product} {ergonomic}
    uintx ReservedCodeCacheSize                    = 251658240                              {pd product} {ergonomic}
     bool SegmentedCodeCache                       = true                                      {product} {ergonomic}
     bool UseCompressedClassPointers               = true                                 {lp64_product} {ergonomic}
     bool UseCompressedOops                        = true                                 {lp64_product} {ergonomic}
     bool UseLargePagesIndividualAllocation        = false                                  {pd product} {ergonomic}
     bool UseParallelGC                            = true                                      {product} {command line}

Logging:
Log output configuration:
 #0: stdout all=warning uptime,level,tags
 #1: stderr all=off uptime,level,tags

Environment Variables:
JAVA_HOME=d:\CSStudio\java\8
PATH=C:\Program Files (x86)\Microsoft SDKs\Azure\CLI2\wbin;C:\app\client\think\product\12.1.0\client_1\bin;C:\oraclexe\app\oracle\product\11.2.0\server\bin;d:\graphicsmagick-1.3.26-q8;C:\ProgramData\Oracle\Java\javapath;C:\Program Files (x86)\Windows Resource Kits\Tools\;C:\WINDOWS\system32;C:\WINDOWS;C:\WINDOWS\System32\Wbem;C:\WINDOWS\System32\WindowsPowerShell\v1.0\;D:\DevelopTools\apache-maven-3.6.3\bin;C:\strawberry\c\bin;C:\strawberry\perl\bin;C:\WINDOWS\system32;C:\WINDOWS;C:\WINDOWS\System32\Wbem;C:\WINDOWS\System32\WindowsPowerShell\v1.0\;C:\Program Files\TortoiseSVN\bin;C:\Program Files\PuTTY\;C:\Program Files (x86)\scala\bin;C:\Program Files (x86)\sbt\bin;C:\Program Files\NVIDIA Corporation\NVIDIA NvDLISR;C:\Program Files (x86)\NVIDIA Corporation\PhysX\Common;C:\Program Files (x86)\Intel\Intel(R) Management Engine Components\DAL;C:\Program Files\Intel\Intel(R) Management Engine Components\DAL;C:\Program Files\Intel\WiFi\bin\;C:\Program Files\Common Files\Intel\WirelessCommon\;C:\Program Files\Amazon\AWSCLI\bin\;C:\ProgramData\chocolatey\bin;C:\Program Files\nodejs\;;C:\Program Files\Docker\Docker\resources\bin;C:\ProgramData\DockerDesktop\version-bin;d:\CSStudio\java\8\bin;C:\Users\think\AppData\Local\Programs\Python\Python35-32\Scripts\;C:\Users\think\AppData\Local\Programs\Python\Python35-32\;C:\Users\think\AppData\Local\Microsoft\WindowsApps;C:\Program Files (x86)\Windows Resource Kits\Tools;C:\OpenSSL-Win64/bin;C:\Users\think\AppData\Local\Programs\EmEditor;C:\Users\think\AppData\Local\Programs\Fiddler;D:\DevelopTools\curl-7.55.1-win64-mingw\bin;C:\Users\think\AppData\Local\Microsoft\WindowsApps;C:\Users\think\AppData\Local\Programs\Microsoft VS Code\bin;d:\Program Files\JetBrains\IntelliJ IDEA Community Edition 2019.1.1\bin;d:\Program Files\JetBrains\PyCharm Community Edition 2019.1.3\bin;C:\Program Files\Intel\WiFi\bin\;C:\Program Files\Common Files\Intel\WirelessCommon\;C:\Users\think\AppData\Roaming\npm;C:\Users\think\AppData\Local\GitHubDesktop\bin;
USERNAME=think
OS=Windows_NT
PROCESSOR_IDENTIFIER=Intel64 Family 6 Model 94 Stepping 3, GenuineIntel



---------------  S Y S T E M  ---------------

OS: Windows 10 , 64 bit Build 16299 (10.0.16299.1087)

CPU:total 4 (initial active 4) (4 cores per cpu, 1 threads per core) family 6 model 94 stepping 3, cmov, cx8, fxsr, mmx, sse, sse2, sse3, ssse3, sse4.1, sse4.2, popcnt, avx, avx2, clmul, erms, rtm, 3dnowpref, lzcnt, tsc, tscinvbit, bmi1, bmi2, adx, fma

Memory: 4k page, system-wide physical 15804M (4719M free)
TotalPageFile size 22080M (AvailPageFile size 10M)
current process WorkingSet (physical memory assigned to process): 424M, peak: 464M
current process commit charge ("private bytes"): 466M, peak: 532M

vm_info: OpenJDK 64-Bit Server VM (11.0.2+7) for windows-amd64 JRE (11.0.2+7), built on Dec 12 2018 03:45:43 by "mach5one" with MS VC++ 15.5 (VS2017)

END.
